#
# There is insufficient memory for the Java Runtime Environment to continue.
# Native memory allocation (malloc) failed to allocate 480104 bytes for AllocateHeap
# Possible reasons:
#   The system is out of physical RAM or swap space
#   In 32 bit mode, the process size limit was hit
# Possible solutions:
#   Reduce memory load on the system
#   Increase physical memory or swap space
#   Check if swap backing store is full
#   Use 64 bit Java on a 64 bit OS
#   Decrease Java heap size (-Xmx/-Xms)
#   Decrease number of Java threads
#   Decrease Java thread stack sizes (-Xss)
#   Set larger code cache with -XX:ReservedCodeCacheSize=
# This output file may be truncated or incomplete.
#
#  Out of Memory Error (memory/allocation.inline.hpp:61), pid=10872, tid=20104
#
# JRE version:  (8.0_45-b15) (build )
# Java VM: Java HotSpot(TM) 64-Bit Server VM (25.45-b02 mixed mode windows-amd64 compressed oops)
# Failed to write core dump. Minidumps are not enabled by default on client versions of Windows
#

---------------  T H R E A D  ---------------

Current thread (0x0000000000ace000):  JavaThread "Unknown thread" [_thread_in_vm, id=20104, stack(0x0000000000b80000,0x0000000000c80000)]

Stack: [0x0000000000b80000,0x0000000000c80000]
Native frames: (J=compiled Java code, j=interpreted, Vv=VM code, C=native code)
V  [jvm.dll+0x32b57a]


---------------  P R O C E S S  ---------------

Java Threads: ( => current thread )

Other Threads:

=>0x0000000000ace000 (exited) JavaThread "Unknown thread" [_thread_in_vm, id=20104, stack(0x0000000000b80000,0x0000000000c80000)]

VM state:not at safepoint (not fully initialized)

VM Mutex/Monitor currently owned by a thread: None

GC Heap History (0 events):
No events

Deoptimization events (0 events):
No events

Internal exceptions (0 events):
No events

Events (0 events):
No events


Dynamic libraries:
0x00007ff73add0000 - 0x00007ff73ae07000 	C:\Program Files\Java\jdk1.8.0_45\bin\java.exe
0x00007ff8f47b0000 - 0x00007ff8f4971000 	C:\WINDOWS\SYSTEM32\ntdll.dll
0x00007ff8f1e40000 - 0x00007ff8f1eed000 	C:\WINDOWS\system32\KERNEL32.DLL
0x00007ff8e0260000 - 0x00007ff8e0292000 	C:\Program Files (x86)\AVG\AVG2015\avghooka.dll
0x00007ff8f1030000 - 0x00007ff8f1218000 	C:\WINDOWS\system32\KERNELBASE.dll
0x00007ff8f2ab0000 - 0x00007ff8f2b57000 	C:\WINDOWS\system32\ADVAPI32.dll
0x00007ff8f1da0000 - 0x00007ff8f1e3d000 	C:\WINDOWS\system32\msvcrt.dll
0x00007ff8f2d90000 - 0x00007ff8f2deb000 	C:\WINDOWS\system32\sechost.dll
0x00007ff8f1c00000 - 0x00007ff8f1d1c000 	C:\WINDOWS\system32\RPCRT4.dll
0x00007ff8f2040000 - 0x00007ff8f2196000 	C:\WINDOWS\system32\USER32.dll
0x00007ff8f21a0000 - 0x00007ff8f2326000 	C:\WINDOWS\system32\GDI32.dll
0x00007ff8e4400000 - 0x00007ff8e4674000 	C:\WINDOWS\WinSxS\amd64_microsoft.windows.common-controls_6595b64144ccf1df_6.0.10586.0_none_8c15ae12515e1c22\COMCTL32.dll
0x00007ff8f2fd0000 - 0x00007ff8f324d000 	C:\WINDOWS\system32\combase.dll
0x00007ff8f1220000 - 0x00007ff8f128a000 	C:\WINDOWS\system32\bcryptPrimitives.dll
0x00007ff8f1bb0000 - 0x00007ff8f1beb000 	C:\WINDOWS\system32\IMM32.DLL
0x0000000050a10000 - 0x0000000050ae2000 	C:\Program Files\Java\jdk1.8.0_45\jre\bin\msvcr100.dll
0x0000000050ed0000 - 0x0000000051753000 	C:\Program Files\Java\jdk1.8.0_45\jre\bin\server\jvm.dll
0x00007ff8f2aa0000 - 0x00007ff8f2aa8000 	C:\WINDOWS\system32\PSAPI.DLL
0x00007ff8e7db0000 - 0x00007ff8e7db9000 	C:\WINDOWS\SYSTEM32\WSOCK32.dll
0x00007ff8f2d20000 - 0x00007ff8f2d8b000 	C:\WINDOWS\system32\WS2_32.dll
0x00007ff8ef3f0000 - 0x00007ff8ef413000 	C:\WINDOWS\SYSTEM32\WINMM.dll
0x00007ff8ed020000 - 0x00007ff8ed02a000 	C:\WINDOWS\SYSTEM32\VERSION.dll
0x00007ff8ef390000 - 0x00007ff8ef3bc000 	C:\WINDOWS\SYSTEM32\WINMMBASE.dll
0x00007ff8f19f0000 - 0x00007ff8f1a33000 	C:\WINDOWS\system32\cfgmgr32.dll
0x0000000050ec0000 - 0x0000000050ecf000 	C:\Program Files\Java\jdk1.8.0_45\jre\bin\verify.dll
0x0000000050e90000 - 0x0000000050eb9000 	C:\Program Files\Java\jdk1.8.0_45\jre\bin\java.dll
0x0000000050e70000 - 0x0000000050e86000 	C:\Program Files\Java\jdk1.8.0_45\jre\bin\zip.dll
0x00007ff8ecd20000 - 0x00007ff8eceac000 	C:\WINDOWS\SYSTEM32\dbghelp.dll

VM Arguments:
jvm_args: -Xmx1024M -Dfile.encoding=windows-1252 -Duser.country=US -Duser.language=en -Duser.variant 
java_command: com.android.dx.command.Main --dex --num-threads=4 --output D:\Programs\git\SoLApp\app\build\intermediates\dex\debug D:\Programs\git\SoLApp\app\build\intermediates\classes\debug D:\Programs\git\SoLApp\app\build\intermediates\pre-dexed\debug\support-annotations-23.0.1-de772e98d2cdc538762a2600421ee0c465613951.jar D:\Programs\git\SoLApp\app\build\intermediates\pre-dexed\debug\internal_impl-23.0.1-9e52e73bcc3e4f38234f1218b5eac1840f7a0a14.jar D:\Programs\git\SoLApp\app\build\intermediates\pre-dexed\debug\jsoup-1.8.3-8195892aed980e96e2f883e7df080a29adefc831.jar D:\Programs\git\SoLApp\app\build\intermediates\pre-dexed\debug\classes-bcca0ff0726bae6ef30d2c0637fe9dbec89cae81.jar D:\Programs\git\SoLApp\app\build\intermediates\pre-dexed\debug\classes-31af919495216cdbf703dfd97d1da83e79bfaa40.jar
java_class_path (initial): D:\Programs\SDKAndroid\build-tools\23.0.1\lib\dx.jar
Launcher Type: SUN_STANDARD

Environment Variables:
PATH=C:\Program Files (x86)\NVIDIA Corporation\PhysX\Common;C:\ProgramData\Oracle\Java\javapath;C:\Program Files (x86)\Intel\iCLS Client\;C:\Program Files\Intel\iCLS Client\;C:\WINDOWS\system32;C:\WINDOWS;C:\WINDOWS\System32\Wbem;C:\WINDOWS\System32\WindowsPowerShell\v1.0\;C:\Program Files\Intel\Intel(R) Management Engine Components\DAL;C:\Program Files (x86)\Intel\Intel(R) Management Engine Components\DAL;C:\Program Files\Intel\Intel(R) Management Engine Components\IPT;C:\Program Files (x86)\Intel\Intel(R) Management Engine Components\IPT;C:\Program Files (x86)\ATI Technologies\ATI.ACE\Core-Static;C:\WINDOWS\system32\config\systemprofile\.dnx\bin;C:\Program Files\Microsoft DNX\Dnvm\;C:\Program Files (x86)\Windows Kits\8.1\Windows Performance Toolkit\;C:\Program Files\Microsoft SQL Server\120\Tools\Binn\;C:\Program Files\Microsoft\Web Platform Installer\;C:\Program Files (x86)\AMD\ATI.ACE\Core-Static;D:\Python;D:\Programs\Heroku\bin;C:\Program Files (x86)\git\cmd;D:\Programs\node_js\;C:\Program Files\Java\jdk1.8.0_45\bin;C:\Program Files (x86)\Skype\Phone\;C:\Program Files\Microsoft SQL Server\110\Tools\Binn\;C:\Program Files (x86)\Microsoft SDKs\TypeScript\1.0\;C:\Users\Joshua\AppData\Roaming\npm
USERNAME=Joshua
OS=Windows_NT
PROCESSOR_IDENTIFIER=Intel64 Family 6 Model 60 Stepping 3, GenuineIntel



---------------  S Y S T E M  ---------------

OS: Windows 10.0 , 64 bit Build 10586 (10.0.10586.0)

CPU:total 4 (4 cores per cpu, 1 threads per core) family 6 model 60 stepping 3, cmov, cx8, fxsr, mmx, sse, sse2, sse3, ssse3, sse4.1, sse4.2, popcnt, avx, avx2, aes, clmul, erms, lzcnt, tsc, tscinvbit, bmi1, bmi2

Memory: 4k page, physical 8325524k(533340k free), swap 33491348k(4124k free)

vm_info: Java HotSpot(TM) 64-Bit Server VM (25.45-b02) for windows-amd64 JRE (1.8.0_45-b15), built on Apr 30 2015 12:40:44 by "java_re" with MS VC++ 10.0 (VS2010)

time: Mon Mar 21 04:34:37 2016
elapsed time: 0 seconds (0d 0h 0m 0s)

