#
# There is insufficient memory for the Java Runtime Environment to continue.
# Native memory allocation (malloc) failed to allocate 826576 bytes for Chunk::new
# Possible reasons:
#   The system is out of physical RAM or swap space
#   In 32 bit mode, the process size limit was hit
# Possible solutions:
#   Reduce memory load on the system
#   Increase physical memory or swap space
#   Check if swap backing store is full
#   Use 64 bit Java on a 64 bit OS
#   Decrease Java heap size (-Xmx/-Xms)
#   Decrease number of Java threads
#   Decrease Java thread stack sizes (-Xss)
#   Set larger code cache with -XX:ReservedCodeCacheSize=
# This output file may be truncated or incomplete.
#
#  Out of Memory Error (allocation.cpp:390), pid=5356, tid=3676
#
# JRE version: Java(TM) SE Runtime Environment (8.0_45-b15) (build 1.8.0_45-b15)
# Java VM: Java HotSpot(TM) 64-Bit Server VM (25.45-b02 mixed mode windows-amd64 compressed oops)
# Failed to write core dump. Minidumps are not enabled by default on client versions of Windows
#

---------------  T H R E A D  ---------------

Current thread (0x0000000014f01000):  JavaThread "C2 CompilerThread1" daemon [_thread_in_native, id=3676, stack(0x0000000016570000,0x0000000016670000)]

Stack: [0x0000000016570000,0x0000000016670000]
Native frames: (J=compiled Java code, j=interpreted, Vv=VM code, C=native code)
V  [jvm.dll+0x32b57a]


Current CompileTask:
C2:   1073  957   !   4       com.android.dx.cf.code.BytecodeArray::parseInstruction (2764 bytes)


---------------  P R O C E S S  ---------------

Java Threads: ( => current thread )
  0x0000000016a61000 JavaThread "pool-2-thread-4" [_thread_blocked, id=11408, stack(0x0000000017170000,0x0000000017270000)]
  0x0000000016a34000 JavaThread "pool-2-thread-3" [_thread_in_Java, id=672, stack(0x0000000017070000,0x0000000017170000)]
  0x0000000016a0b000 JavaThread "pool-2-thread-2" [_thread_in_Java, id=5076, stack(0x0000000016f70000,0x0000000017070000)]
  0x0000000016a06000 JavaThread "pool-3-thread-1" [_thread_blocked, id=4188, stack(0x0000000016e70000,0x0000000016f70000)]
  0x00000000169fc800 JavaThread "pool-2-thread-1" [_thread_blocked, id=13496, stack(0x0000000016d70000,0x0000000016e70000)]
  0x0000000016775000 JavaThread "Service Thread" daemon [_thread_blocked, id=10432, stack(0x0000000016b70000,0x0000000016c70000)]
  0x0000000014f5c800 JavaThread "C1 CompilerThread2" daemon [_thread_blocked, id=14820, stack(0x0000000016670000,0x0000000016770000)]
=>0x0000000014f01000 JavaThread "C2 CompilerThread1" daemon [_thread_in_native, id=3676, stack(0x0000000016570000,0x0000000016670000)]
  0x0000000014efb000 JavaThread "C2 CompilerThread0" daemon [_thread_in_native, id=12780, stack(0x0000000016470000,0x0000000016570000)]
  0x0000000014ef9000 JavaThread "Attach Listener" daemon [_thread_blocked, id=8920, stack(0x0000000016370000,0x0000000016470000)]
  0x0000000014ef8000 JavaThread "Signal Dispatcher" daemon [_thread_blocked, id=4944, stack(0x0000000016270000,0x0000000016370000)]
  0x0000000002820800 JavaThread "Finalizer" daemon [_thread_blocked, id=11500, stack(0x0000000016170000,0x0000000016270000)]
  0x000000000281d800 JavaThread "Reference Handler" daemon [_thread_blocked, id=16612, stack(0x0000000016070000,0x0000000016170000)]
  0x0000000000e5d800 JavaThread "main" [_thread_in_Java, id=1808, stack(0x0000000002630000,0x0000000002730000)]

Other Threads:
  0x0000000014ec8800 VMThread [stack: 0x0000000015f70000,0x0000000016070000] [id=9636]
  0x0000000016777000 WatcherThread [stack: 0x0000000016c70000,0x0000000016d70000] [id=10012]

VM state:not at safepoint (normal execution)

VM Mutex/Monitor currently owned by a thread: None

Heap:
 PSYoungGen      total 76288K, used 14853K [0x00000000eab00000, 0x00000000f2480000, 0x0000000100000000)
  eden space 65536K, 6% used [0x00000000eab00000,0x00000000eaf07a08,0x00000000eeb00000)
  from space 10752K, 99% used [0x00000000ef580000,0x00000000efff9bb0,0x00000000f0000000)
  to   space 10752K, 0% used [0x00000000eeb00000,0x00000000eeb00000,0x00000000ef580000)
 ParOldGen       total 123392K, used 12441K [0x00000000c0000000, 0x00000000c7880000, 0x00000000eab00000)
  object space 123392K, 10% used [0x00000000c0000000,0x00000000c0c26660,0x00000000c7880000)
 Metaspace       used 5755K, capacity 6896K, committed 7040K, reserved 1060864K
  class space    used 580K, capacity 616K, committed 640K, reserved 1048576K

Card table byte_map: [0x0000000011bf0000,0x0000000011e00000] byte_map_base: 0x00000000115f0000

Marking Bits: (ParMarkBitMap*) 0x000000005c304040
 Begin Bits: [0x0000000012360000, 0x0000000013360000)
 End Bits:   [0x0000000013360000, 0x0000000014360000)

Polling page: 0x0000000000c70000

CodeCache: size=245760Kb used=4545Kb max_used=4556Kb free=241214Kb
 bounds [0x0000000002830000, 0x0000000002cb0000, 0x0000000011830000]
 total_blobs=1459 nmethods=1190 adapters=182
 compilation: enabled

Compilation events (10 events):
Event: 0.997 Thread 0x0000000014efb000 nmethod 875 0x0000000002b69750 code [0x0000000002b69880, 0x0000000002b69918]
Event: 0.997 Thread 0x0000000014efb000 1199       4       com.android.dx.ssa.SsaRenamer$BlockRenamer::processResultReg (56 bytes)
Event: 1.003 Thread 0x0000000014efb000 nmethod 1199 0x0000000002c9c150 code [0x0000000002c9c2e0, 0x0000000002c9cb08]
Event: 1.003 Thread 0x0000000014efb000 1203       4       com.android.dx.ssa.SsaMethod$2::addToUses (48 bytes)
Event: 1.012 Thread 0x0000000014efb000 nmethod 1203 0x0000000002ca53d0 code [0x0000000002ca5580, 0x0000000002ca5f98]
Event: 1.012 Thread 0x0000000014efb000 1206       4       com.android.dx.ssa.SCCP::simulatePhi (169 bytes)
Event: 1.069 Thread 0x0000000014f5c800 1210   !   2       java.lang.ref.Finalizer::remove (94 bytes)
Event: 1.069 Thread 0x0000000014f5c800 nmethod 1210 0x0000000002c9ba90 code [0x0000000002c9bc00, 0x0000000002c9bff0]
Event: 1.070 Thread 0x0000000014f5c800 1211       2       com.android.dx.ssa.SsaConverter::nodeNeedsUniquePredecessor (32 bytes)
Event: 1.070 Thread 0x0000000014f5c800 nmethod 1211 0x0000000002ca4f50 code [0x0000000002ca50c0, 0x0000000002ca5278]

GC Heap History (6 events):
Event: 0.646 GC heap before
{Heap before GC invocations=1 (full 0):
 PSYoungGen      total 76288K, used 15739K [0x00000000eab00000, 0x00000000f0000000, 0x0000000100000000)
  eden space 65536K, 24% used [0x00000000eab00000,0x00000000eba5ecf8,0x00000000eeb00000)
  from space 10752K, 0% used [0x00000000ef580000,0x00000000ef580000,0x00000000f0000000)
  to   space 10752K, 0% used [0x00000000eeb00000,0x00000000eeb00000,0x00000000ef580000)
 ParOldGen       total 175104K, used 0K [0x00000000c0000000, 0x00000000cab00000, 0x00000000eab00000)
  object space 175104K, 0% used [0x00000000c0000000,0x00000000c0000000,0x00000000cab00000)
 Metaspace       used 4984K, capacity 6160K, committed 6272K, reserved 1062912K
  class space    used 545K, capacity 584K, committed 640K, reserved 1048576K
Event: 0.649 GC heap after
Heap after GC invocations=1 (full 0):
 PSYoungGen      total 76288K, used 3044K [0x00000000eab00000, 0x00000000f0000000, 0x0000000100000000)
  eden space 65536K, 0% used [0x00000000eab00000,0x00000000eab00000,0x00000000eeb00000)
  from space 10752K, 28% used [0x00000000eeb00000,0x00000000eedf91a8,0x00000000ef580000)
  to   space 10752K, 0% used [0x00000000ef580000,0x00000000ef580000,0x00000000f0000000)
 ParOldGen       total 175104K, used 8K [0x00000000c0000000, 0x00000000cab00000, 0x00000000eab00000)
  object space 175104K, 0% used [0x00000000c0000000,0x00000000c0002000,0x00000000cab00000)
 Metaspace       used 4984K, capacity 6160K, committed 6272K, reserved 1062912K
  class space    used 545K, capacity 584K, committed 640K, reserved 1048576K
}
Event: 0.649 GC heap before
{Heap before GC invocations=2 (full 1):
 PSYoungGen      total 76288K, used 3044K [0x00000000eab00000, 0x00000000f0000000, 0x0000000100000000)
  eden space 65536K, 0% used [0x00000000eab00000,0x00000000eab00000,0x00000000eeb00000)
  from space 10752K, 28% used [0x00000000eeb00000,0x00000000eedf91a8,0x00000000ef580000)
  to   space 10752K, 0% used [0x00000000ef580000,0x00000000ef580000,0x00000000f0000000)
 ParOldGen       total 175104K, used 8K [0x00000000c0000000, 0x00000000cab00000, 0x00000000eab00000)
  object space 175104K, 0% used [0x00000000c0000000,0x00000000c0002000,0x00000000cab00000)
 Metaspace       used 4984K, capacity 6160K, committed 6272K, reserved 1062912K
  class space    used 545K, capacity 584K, committed 640K, reserved 1048576K
Event: 0.662 GC heap after
Heap after GC invocations=2 (full 1):
 PSYoungGen      total 76288K, used 0K [0x00000000eab00000, 0x00000000f0000000, 0x0000000100000000)
  eden space 65536K, 0% used [0x00000000eab00000,0x00000000eab00000,0x00000000eeb00000)
  from space 10752K, 0% used [0x00000000eeb00000,0x00000000eeb00000,0x00000000ef580000)
  to   space 10752K, 0% used [0x00000000ef580000,0x00000000ef580000,0x00000000f0000000)
 ParOldGen       total 123392K, used 2924K [0x00000000c0000000, 0x00000000c7880000, 0x00000000eab00000)
  object space 123392K, 2% used [0x00000000c0000000,0x00000000c02db090,0x00000000c7880000)
 Metaspace       used 4984K, capacity 6160K, committed 6272K, reserved 1060864K
  class space    used 545K, capacity 584K, committed 640K, reserved 1048576K
}
Event: 1.048 GC heap before
{Heap before GC invocations=3 (full 1):
 PSYoungGen      total 76288K, used 65536K [0x00000000eab00000, 0x00000000f0000000, 0x0000000100000000)
  eden space 65536K, 100% used [0x00000000eab00000,0x00000000eeb00000,0x00000000eeb00000)
  from space 10752K, 0% used [0x00000000eeb00000,0x00000000eeb00000,0x00000000ef580000)
  to   space 10752K, 0% used [0x00000000ef580000,0x00000000ef580000,0x00000000f0000000)
 ParOldGen       total 123392K, used 2924K [0x00000000c0000000, 0x00000000c7880000, 0x00000000eab00000)
  object space 123392K, 2% used [0x00000000c0000000,0x00000000c02db090,0x00000000c7880000)
 Metaspace       used 5755K, capacity 6896K, committed 7040K, reserved 1060864K
  class space    used 580K, capacity 616K, committed 640K, reserved 1048576K
Event: 1.069 GC heap after
Heap after GC invocations=3 (full 1):
 PSYoungGen      total 76288K, used 10726K [0x00000000eab00000, 0x00000000f2480000, 0x0000000100000000)
  eden space 65536K, 0% used [0x00000000eab00000,0x00000000eab00000,0x00000000eeb00000)
  from space 10752K, 99% used [0x00000000ef580000,0x00000000efff9bb0,0x00000000f0000000)
  to   space 10752K, 0% used [0x00000000eeb00000,0x00000000eeb00000,0x00000000ef580000)
 ParOldGen       total 123392K, used 12441K [0x00000000c0000000, 0x00000000c7880000, 0x00000000eab00000)
  object space 123392K, 10% used [0x00000000c0000000,0x00000000c0c26660,0x00000000c7880000)
 Metaspace       used 5755K, capacity 6896K, committed 7040K, reserved 1060864K
  class space    used 580K, capacity 616K, committed 640K, reserved 1048576K
}

Deoptimization events (6 events):
Event: 0.611 Thread 0x0000000016a61000 Uncommon trap: reason=unstable_if action=reinterpret pc=0x00000000029fb9bc method=java.util.HashMap.getNode(ILjava/lang/Object;)Ljava/util/HashMap$Node; @ 62
Event: 0.695 Thread 0x0000000000e5d800 Uncommon trap: reason=unstable_if action=reinterpret pc=0x0000000002a8cd30 method=java.util.BitSet.nextSetBit(I)I @ 87
Event: 0.768 Thread 0x0000000016a34000 Uncommon trap: reason=null_check action=make_not_entrant pc=0x0000000002b4a2ec method=com.android.dx.ssa.SsaRenamer.getLocalForNewReg(I)Lcom/android/dx/rop/code/LocalItem; @ 19
Event: 0.856 Thread 0x0000000016a61000 Uncommon trap: reason=null_check action=make_not_entrant pc=0x0000000002b95ba0 method=com.android.dx.ssa.SsaRenamer.getLocalForNewReg(I)Lcom/android/dx/rop/code/LocalItem; @ 19
Event: 0.910 Thread 0x0000000016a34000 Uncommon trap: reason=class_check action=maybe_recompile pc=0x0000000002bcfc38 method=com.android.dx.ssa.NormalSsaInsn.accept(Lcom/android/dx/ssa/SsaInsn$Visitor;)V @ 9
Event: 0.930 Thread 0x0000000016a34000 Uncommon trap: reason=class_check action=maybe_recompile pc=0x0000000002bcfc38 method=com.android.dx.ssa.NormalSsaInsn.accept(Lcom/android/dx/ssa/SsaInsn$Visitor;)V @ 9

Internal exceptions (4 events):
Event: 0.043 Thread 0x0000000000e5d800 Exception <a 'java/lang/NoSuchMethodError': Method sun.misc.Unsafe.defineClass(Ljava/lang/String;[BII)Ljava/lang/Class; name or signature does not match> (0x00000000eab0db58) thrown at [C:\re\workspace\8-2-build-windows-amd64-cygwin\jdk8u45\3627\hotspot\srÁ¶⁄°˚¶?
Event: 0.043 Thread 0x0000000000e5d800 Exception <a 'java/lang/NoSuchMethodError': Method sun.misc.Unsafe.prefetchRead(Ljava/lang/Object;J)V name or signature does not match> (0x00000000eab0dde8) thrown at [C:\re\workspace\8-2-build-windows-amd64-cygwin\jdk8u45\3627\hotspot\src\share\vm\prims\jf˝¨åSêË?
Event: 0.768 Thread 0x0000000016a34000 Implicit null exception at 0x0000000002b47b49 to 0x0000000002b4a2c5
Event: 0.856 Thread 0x0000000016a61000 Implicit null exception at 0x0000000002b93699 to 0x0000000002b95b55

Events (10 events):
Event: 0.973 Executing VM operation: Deoptimize
Event: 0.974 Executing VM operation: Deoptimize done
Event: 0.985 loading class com/android/dx/util/ListIntSet$1
Event: 0.985 loading class com/android/dx/util/ListIntSet$1 done
Event: 0.985 Executing VM operation: Deoptimize
Event: 0.985 Executing VM operation: Deoptimize done
Event: 1.022 Executing VM operation: ParallelGCFailedAllocation
Event: 1.069 Executing VM operation: ParallelGCFailedAllocation done
Event: 1.070 Thread 0x0000000016a34000 DEOPT PACKING pc=0x0000000002b47063 sp=0x000000001716ea40
Event: 1.070 Thread 0x0000000016a34000 DEOPT UNPACKING pc=0x000000000287787f sp=0x000000001716e738 mode 0


Dynamic libraries:
0x00007ff61dcf0000 - 0x00007ff61dd27000 	C:\Program Files\Java\jdk1.8.0_45\bin\java.exe
0x00007ff97ca00000 - 0x00007ff97cbd1000 	C:\WINDOWS\SYSTEM32\ntdll.dll
0x00007ff97c8f0000 - 0x00007ff97c99b000 	C:\WINDOWS\System32\KERNEL32.DLL
0x00007ff95f270000 - 0x00007ff95f2a2000 	C:\Program Files (x86)\AVG\AVG2015\avghooka.dll
0x00007ff979180000 - 0x00007ff97939d000 	C:\WINDOWS\System32\KERNELBASE.dll
0x00007ff97a000000 - 0x00007ff97a0a2000 	C:\WINDOWS\System32\ADVAPI32.dll
0x00007ff97c730000 - 0x00007ff97c7ce000 	C:\WINDOWS\System32\msvcrt.dll
0x00007ff97bd30000 - 0x00007ff97bd89000 	C:\WINDOWS\System32\sechost.dll
0x00007ff97c600000 - 0x00007ff97c721000 	C:\WINDOWS\System32\RPCRT4.dll
0x00007ff97a680000 - 0x00007ff97a7e5000 	C:\WINDOWS\System32\USER32.dll
0x00007ff9793f0000 - 0x00007ff97940e000 	C:\WINDOWS\System32\win32u.dll
0x00007ff97c8b0000 - 0x00007ff97c8e4000 	C:\WINDOWS\System32\GDI32.dll
0x00007ff978ef0000 - 0x00007ff979072000 	C:\WINDOWS\System32\gdi32full.dll
0x00007ff9720f0000 - 0x00007ff972369000 	C:\WINDOWS\WinSxS\amd64_microsoft.windows.common-controls_6595b64144ccf1df_6.0.14393.0_none_2d0f50fcbdb171b8\COMCTL32.dll
0x00007ff97c210000 - 0x00007ff97c4d7000 	C:\WINDOWS\System32\combase.dll
0x00007ff979080000 - 0x00007ff979175000 	C:\WINDOWS\System32\ucrtbase.dll
0x00007ff979410000 - 0x00007ff97947a000 	C:\WINDOWS\System32\bcryptPrimitives.dll
0x00007ff97bd00000 - 0x00007ff97bd2e000 	C:\WINDOWS\System32\IMM32.DLL
0x000000005f220000 - 0x000000005f2f2000 	C:\Program Files\Java\jdk1.8.0_45\jre\bin\msvcr100.dll
0x000000005bb00000 - 0x000000005c383000 	C:\Program Files\Java\jdk1.8.0_45\jre\bin\server\jvm.dll
0x00007ff97c890000 - 0x00007ff97c898000 	C:\WINDOWS\System32\PSAPI.DLL
0x00007ff96f0e0000 - 0x00007ff96f0e9000 	C:\WINDOWS\SYSTEM32\WSOCK32.dll
0x00007ff97c000000 - 0x00007ff97c06a000 	C:\WINDOWS\System32\WS2_32.dll
0x00007ff977320000 - 0x00007ff977343000 	C:\WINDOWS\SYSTEM32\WINMM.dll
0x00007ff9741f0000 - 0x00007ff9741fa000 	C:\WINDOWS\SYSTEM32\VERSION.dll
0x00007ff9771b0000 - 0x00007ff9771db000 	C:\WINDOWS\SYSTEM32\WINMMBASE.dll
0x00007ff9793a0000 - 0x00007ff9793e2000 	C:\WINDOWS\System32\cfgmgr32.dll
0x000000005f210000 - 0x000000005f21f000 	C:\Program Files\Java\jdk1.8.0_45\jre\bin\verify.dll
0x000000005f1e0000 - 0x000000005f209000 	C:\Program Files\Java\jdk1.8.0_45\jre\bin\java.dll
0x000000005f1c0000 - 0x000000005f1d6000 	C:\Program Files\Java\jdk1.8.0_45\jre\bin\zip.dll
0x00007ff97a7f0000 - 0x00007ff97bcf8000 	C:\WINDOWS\System32\SHELL32.dll
0x00007ff979750000 - 0x00007ff979e2a000 	C:\WINDOWS\System32\windows.storage.dll
0x00007ff978e90000 - 0x00007ff978edc000 	C:\WINDOWS\System32\powrprof.dll
0x00007ff97a620000 - 0x00007ff97a672000 	C:\WINDOWS\System32\shlwapi.dll
0x00007ff978ee0000 - 0x00007ff978eef000 	C:\WINDOWS\System32\kernel.appcore.dll
0x00007ff979ee0000 - 0x00007ff979f89000 	C:\WINDOWS\System32\shcore.dll
0x00007ff978e70000 - 0x00007ff978e84000 	C:\WINDOWS\System32\profapi.dll

VM Arguments:
jvm_args: -Djava.awt.headless=true -Xmx1024M -Dfile.encoding=windows-1252 -Duser.country=US -Duser.language=en -Duser.variant 
java_command: com.android.dx.command.Main --dex --force-jumbo --num-threads=4 --multi-dex --output D:\Programs\git\SoLApp\app\build\intermediates\transforms\dex\debug\folders\1000\5\slice_7 D:\Programs\git\SoLApp\app\build\intermediates\transforms\instantRunSlicer\debug\folders\1\5\slice_7
java_class_path (initial): D:\Programs\AndroidSDK\SDK2\build-tools\23.0.1\lib\dx.jar
Launcher Type: SUN_STANDARD

Environment Variables:
PATH=C:\ProgramData\Oracle\Java\javapath;C:\Program Files (x86)\Intel\iCLS Client\;C:\Program Files\Intel\iCLS Client\;C:\WINDOWS\system32;C:\WINDOWS;C:\WINDOWS\System32\Wbem;C:\WINDOWS\System32\WindowsPowerShell\v1.0\;C:\Program Files\Intel\Intel(R) Management Engine Components\DAL;C:\Program Files (x86)\Intel\Intel(R) Management Engine Components\DAL;C:\Program Files\Intel\Intel(R) Management Engine Components\IPT;C:\Program Files (x86)\Intel\Intel(R) Management Engine Components\IPT;C:\Program Files (x86)\ATI Technologies\ATI.ACE\Core-Static;C:\Users\Joshua\.dnx\bin;C:\Program Files\Microsoft DNX\Dnvm\;C:\Program Files (x86)\Windows Kits\8.1\Windows Performance Toolkit\;C:\Program Files\Microsoft SQL Server\120\Tools\Binn\;C:\Program Files\Microsoft\Web Platform Installer\;C:\Program Files (x86)\AMD\ATI.ACE\Core-Static;D:\Python;D:\Programs\Heroku\bin;C:\Program Files (x86)\git\cmd;D:\Programs\node_js\;C:\Program Files\Java\jdk1.8.0_45\bin;C:\Program Files (x86)\Skype\Phone\;C:\Program Files\Microsoft SQL Server\110\Tools\Binn\;C:\Program Files (x86)\Microsoft SDKs\TypeScript\1.0\;C:\Program Files (x86)\Windows Live\Shared;C:\Program Files (x86)\NVIDIA Corporation\PhysX\Common;C:\WINDOWS\system32;C:\WINDOWS;C:\WINDOWS\System32\Wbem;C:\WINDOWS\System32\WindowsPowerShell\v1.0\;C:\Program Files (x86)\GtkSharp\2.12\bin;C:\Users\Joshua\AppData\Roaming\npm;%USERPROFILE%\AppData\Local\Microsoft\WindowsApps;
USERNAME=Joshua
OS=Windows_NT
PROCESSOR_IDENTIFIER=Intel64 Family 6 Model 60 Stepping 3, GenuineIntel



---------------  S Y S T E M  ---------------

OS: Windows 10.0 , 64 bit Build 14393 (10.0.14393.0)

CPU:total 4 (4 cores per cpu, 1 threads per core) family 6 model 60 stepping 3, cmov, cx8, fxsr, mmx, sse, sse2, sse3, ssse3, sse4.1, sse4.2, popcnt, avx, avx2, aes, clmul, erms, lzcnt, tsc, tscinvbit, bmi1, bmi2

Memory: 4k page, physical 16714132k(8155844k free), swap 31263888k(5136k free)

vm_info: Java HotSpot(TM) 64-Bit Server VM (25.45-b02) for windows-amd64 JRE (1.8.0_45-b15), built on Apr 30 2015 12:40:44 by "java_re" with MS VC++ 10.0 (VS2010)

time: Mon Oct 24 22:18:26 2016
elapsed time: 1 seconds (0d 0h 0m 1s)

