#
# A fatal error has been detected by the Java Runtime Environment:
#
#  EXCEPTION_ACCESS_VIOLATION (0xc0000005) at pc=0x000000005bd0ffb7, pid=12292, tid=15972
#
# JRE version: Java(TM) SE Runtime Environment (8.0_45-b15) (build 1.8.0_45-b15)
# Java VM: Java HotSpot(TM) 64-Bit Server VM (25.45-b02 mixed mode windows-amd64 compressed oops)
# Problematic frame:
# V  [jvm.dll+0x20ffb7]
#
# Failed to write core dump. Minidumps are not enabled by default on client versions of Windows
#
# If you would like to submit a bug report, please visit:
#   http://bugreport.java.com/bugreport/crash.jsp
#

---------------  T H R E A D  ---------------

Current thread (0x000000001713b800):  JavaThread "pool-2-thread-1" [_thread_in_vm, id=15972, stack(0x00000000175e0000,0x00000000176e0000)]

siginfo: ExceptionCode=0xc0000005, writing address 0x00000000176da2f0

Registers:
RAX=0x00000000176da2f0, RBX=0x0000000000000006, RCX=0x0000000000005000, RDX=0x0000000000000006
RSP=0x00000000176df2f0, RBP=0x0000000000000000, RSI=0x00000000176df2f0, RDI=0x0000000000000006
R8 =0x0000000000000006, R9 =0x0000000017131190, R10=0x0000000014cdd358, R11=0x00000000175ea148
R12=0x0000000017131190, R13=0x000000001713b800, R14=0x00000000176df3b8, R15=0x0000000014cdd358
RIP=0x000000005bd0ffb7, EFLAGS=0x0000000000010206

Top of Stack: (sp=0x00000000176df2f0)
0x00000000176df2f0:   0000000000000000 000000005c0ca390
0x00000000176df300:   000000001713b800 0000000017131190
0x00000000176df310:   00000000ffffffff 000000005bd10ee7
0x00000000176df320:   00000000176df420 0000000014cdd358
0x00000000176df330:   000000001713b800 000000005bbbea13
0x00000000176df340:   00000000176df380 000000001713b800
0x00000000176df350:   00000000176df410 000000001713b800
0x00000000176df360:   0000000014cdd358 000000001713b800
0x00000000176df370:   0000000002f910e0 000000001713b800
0x00000000176df380:   0000000014cdd358 000000001713b800
0x00000000176df390:   0000000014cdd358 000000001713b800
0x00000000176df3a0:   0000000000000001 0000000014cdd358
0x00000000176df3b0:   000000001713b800 0000000016eeae20
0x00000000176df3c0:   000000001713b800 000000005bbbfefd
0x00000000176df3d0:   00000000176df6d8 00000001000069a0
0x00000000176df3e0:   00000001000069a0 0000000000000001 

Instructions: (pc=0x000000005bd0ffb7)
0x000000005bd0ff97:   48 89 6c 24 30 33 ed 66 90 e8 4b 35 08 00 ff c3
0x000000005bd0ffa7:   48 63 c8 48 8b c6 48 0f af cf 48 ff c7 48 2b c1
0x000000005bd0ffb7:   89 28 48 63 c3 48 3b 05 4d 66 58 00 7e db 48 8b
0x000000005bd0ffc7:   6c 24 30 48 8b 5c 24 38 48 8b 74 24 40 48 83 c4 


Register to memory mapping:

RAX=0x00000000176da2f0 is pointing into the stack for thread: 0x000000001713b800
RBX=0x0000000000000006 is an unknown value
RCX=0x0000000000005000 is an unknown value
RDX=0x0000000000000006 is an unknown value
RSP=0x00000000176df2f0 is pointing into the stack for thread: 0x000000001713b800
RBP=0x0000000000000000 is an unknown value
RSI=0x00000000176df2f0 is pointing into the stack for thread: 0x000000001713b800
RDI=0x0000000000000006 is an unknown value
R8 =0x0000000000000006 is an unknown value
R9 =0x0000000017131190 is an unknown value
R10={method} {0x0000000014cdd360} 'run' '()V' in 'java/lang/Thread'
R11=0x00000000175ea148 is pointing into the stack for thread: 0x000000001713b800
R12=0x0000000017131190 is an unknown value
R13=0x000000001713b800 is a thread
R14=0x00000000176df3b8 is pointing into the stack for thread: 0x000000001713b800
R15={method} {0x0000000014cdd360} 'run' '()V' in 'java/lang/Thread'


Stack: [0x00000000175e0000,0x00000000176e0000],  sp=0x00000000176df2f0,  free space=1020k
