#
# There is insufficient memory for the Java Runtime Environment to continue.
# Native memory allocation (malloc) failed to allocate 1723056 bytes for Chunk::new
# Possible reasons:
#   The system is out of physical RAM or swap space
#   In 32 bit mode, the process size limit was hit
# Possible solutions:
#   Reduce memory load on the system
#   Increase physical memory or swap space
#   Check if swap backing store is full
#   Use 64 bit Java on a 64 bit OS
#   Decrease Java heap size (-Xmx/-Xms)
#   Decrease number of Java threads
#   Decrease Java thread stack sizes (-Xss)
#   Set larger code cache with -XX:ReservedCodeCacheSize=
# This output file may be truncated or incomplete.
#
#  Out of Memory Error (allocation.cpp:390), pid=3376, tid=3996
#
# JRE version: Java(TM) SE Runtime Environment (8.0_45-b15) (build 1.8.0_45-b15)
# Java VM: Java HotSpot(TM) 64-Bit Server VM (25.45-b02 mixed mode windows-amd64 compressed oops)
# Failed to write core dump. Minidumps are not enabled by default on client versions of Windows
#

---------------  T H R E A D  ---------------

Current thread (0x0000000014782000):  JavaThread "C2 CompilerThread1" daemon [_thread_in_native, id=3996, stack(0x0000000017340000,0x0000000017440000)]

Stack: [0x0000000017340000,0x0000000017440000]
Native frames: (J=compiled Java code, j=interpreted, Vv=VM code, C=native code)
V  [jvm.dll+0x32b57a]
V  [jvm.dll+0x279873]
V  [jvm.dll+0x27a509]
V  [jvm.dll+0x271825]
V  [jvm.dll+0xcb9e2]
V  [jvm.dll+0xcbeac]
V  [jvm.dll+0x476ef2]
V  [jvm.dll+0x4b955f]
V  [jvm.dll+0x46bf81]
V  [jvm.dll+0x46ccbe]
V  [jvm.dll+0x4500f2]
V  [jvm.dll+0xa4352]
V  [jvm.dll+0xa4c8f]
V  [jvm.dll+0x241984]
V  [jvm.dll+0x29853a]
C  [msvcr100.dll+0x21d9f]
C  [msvcr100.dll+0x21e3b]
C  [KERNEL32.DLL+0x18102]
C  [ntdll.dll+0x5c5b4]


Current CompileTask:
C2:   1404 1458       4       com.android.dx.dex.code.OutputFinisher::addConstants (93 bytes)


---------------  P R O C E S S  ---------------

Java Threads: ( => current thread )
  0x0000000017568800 JavaThread "Service Thread" daemon [_thread_blocked, id=18228, stack(0x0000000017940000,0x0000000017a40000)]
  0x0000000014788800 JavaThread "C1 CompilerThread2" daemon [_thread_blocked, id=19396, stack(0x0000000017440000,0x0000000017540000)]
=>0x0000000014782000 JavaThread "C2 CompilerThread1" daemon [_thread_in_native, id=3996, stack(0x0000000017340000,0x0000000017440000)]
  0x000000001477c000 JavaThread "C2 CompilerThread0" daemon [_thread_in_native, id=8940, stack(0x0000000017240000,0x0000000017340000)]
  0x0000000014779800 JavaThread "Attach Listener" daemon [_thread_blocked, id=18744, stack(0x0000000017140000,0x0000000017240000)]
  0x0000000014778800 JavaThread "Signal Dispatcher" daemon [_thread_blocked, id=5968, stack(0x0000000017040000,0x0000000017140000)]
  0x00000000020a7800 JavaThread "Finalizer" daemon [_thread_blocked, id=7076, stack(0x00000000159e0000,0x0000000015ae0000)]
  0x000000000209f000 JavaThread "Reference Handler" daemon [_thread_blocked, id=9940, stack(0x00000000158e0000,0x00000000159e0000)]
  0x0000000001fae000 JavaThread "main" [_thread_in_Java, id=18736, stack(0x0000000001ea0000,0x0000000001fa0000)]

Other Threads:
  0x0000000014747800 VMThread [stack: 0x00000000157e0000,0x00000000158e0000] [id=10000]
  0x000000001756b800 WatcherThread [stack: 0x0000000017a40000,0x0000000017b40000] [id=10560]

VM state:not at safepoint (normal execution)

VM Mutex/Monitor currently owned by a thread: None

Heap:
 PSYoungGen      total 38400K, used 5564K [0x00000000eab00000, 0x00000000ed580000, 0x0000000100000000)
  eden space 33280K, 1% used [0x00000000eab00000,0x00000000eab6f4b8,0x00000000ecb80000)
  from space 5120K, 99% used [0x00000000ed080000,0x00000000ed57fcf8,0x00000000ed580000)
  to   space 5120K, 0% used [0x00000000ecb80000,0x00000000ecb80000,0x00000000ed080000)
 ParOldGen       total 87552K, used 5835K [0x00000000c0000000, 0x00000000c5580000, 0x00000000eab00000)
  object space 87552K, 6% used [0x00000000c0000000,0x00000000c05b2cb0,0x00000000c5580000)
 Metaspace       used 7394K, capacity 7960K, committed 8320K, reserved 1056768K
  class space    used 729K, capacity 784K, committed 896K, reserved 1048576K

Card table byte_map: [0x0000000011470000,0x0000000011680000] byte_map_base: 0x0000000010e70000

Marking Bits: (ParMarkBitMap*) 0x00000000516d4040
 Begin Bits: [0x0000000011be0000, 0x0000000012be0000)
 End Bits:   [0x0000000012be0000, 0x0000000013be0000)

Polling page: 0x0000000000460000

CodeCache: size=245760Kb used=7581Kb max_used=7590Kb free=238178Kb
 bounds [0x00000000020b0000, 0x0000000002830000, 0x00000000110b0000]
 total_blobs=2511 nmethods=2219 adapters=205
 compilation: enabled

Compilation events (10 events):
Event: 1.381 Thread 0x0000000014788800 2198       3       com.android.dx.merge.IndexMap$EncodedValueTransformer::access$100 (6 bytes)
Event: 1.381 Thread 0x0000000014788800 nmethod 2198 0x000000000280b390 code [0x000000000280b500, 0x000000000280b668]
Event: 1.381 Thread 0x0000000014788800 2199       3       com.android.dex.Dex$Section::readAnnotation (51 bytes)
Event: 1.382 Thread 0x0000000014788800 nmethod 2199 0x000000000280ebd0 code [0x000000000280edc0, 0x000000000280fa18]
Event: 1.382 Thread 0x0000000014788800 2201       3       java.util.ComparableTimSort::binarySort (223 bytes)
Event: 1.382 Thread 0x0000000014788800 nmethod 2201 0x000000000280ff90 code [0x0000000002810180, 0x0000000002810c58]
Event: 1.382 Thread 0x0000000014788800 2200       3       com.android.dx.merge.IndexMap::adjust (53 bytes)
Event: 1.383 Thread 0x0000000014788800 nmethod 2200 0x00000000028110d0 code [0x0000000002811300, 0x00000000028121e8]
Event: 1.383 Thread 0x0000000014788800 2203       2       java.util.LinkedHashMap$Entry::<init> (10 bytes)
Event: 1.383 Thread 0x0000000014788800 nmethod 2203 0x000000000280b010 code [0x000000000280b160, 0x000000000280b2f0]

GC Heap History (2 events):
Event: 0.986 GC heap before
{Heap before GC invocations=1 (full 0):
 PSYoungGen      total 38400K, used 33280K [0x00000000eab00000, 0x00000000ed580000, 0x0000000100000000)
  eden space 33280K, 100% used [0x00000000eab00000,0x00000000ecb80000,0x00000000ecb80000)
  from space 5120K, 0% used [0x00000000ed080000,0x00000000ed080000,0x00000000ed580000)
  to   space 5120K, 0% used [0x00000000ecb80000,0x00000000ecb80000,0x00000000ed080000)
 ParOldGen       total 87552K, used 0K [0x00000000c0000000, 0x00000000c5580000, 0x00000000eab00000)
  object space 87552K, 0% used [0x00000000c0000000,0x00000000c0000000,0x00000000c5580000)
 Metaspace       used 5814K, capacity 6960K, committed 7040K, reserved 1056768K
  class space    used 579K, capacity 616K, committed 640K, reserved 1048576K
Event: 0.994 GC heap after
Heap after GC invocations=1 (full 0):
 PSYoungGen      total 38400K, used 5106K [0x00000000eab00000, 0x00000000ed580000, 0x0000000100000000)
  eden space 33280K, 0% used [0x00000000eab00000,0x00000000eab00000,0x00000000ecb80000)
  from space 5120K, 99% used [0x00000000ecb80000,0x00000000ed07cae8,0x00000000ed080000)
  to   space 5120K, 0% used [0x00000000ed080000,0x00000000ed080000,0x00000000ed580000)
 ParOldGen       total 87552K, used 1349K [0x00000000c0000000, 0x00000000c5580000, 0x00000000eab00000)
  object space 87552K, 1% used [0x00000000c0000000,0x00000000c01515c0,0x00000000c5580000)
 Metaspace       used 5814K, capacity 6960K, committed 7040K, reserved 1056768K
  class space    used 579K, capacity 616K, committed 640K, reserved 1048576K
}

Deoptimization events (10 events):
Event: 1.206 Thread 0x0000000001fae000 Uncommon trap: reason=unstable_if action=reinterpret pc=0x00000000025a9404 method=java.util.TreeMap.put(Ljava/lang/Object;Ljava/lang/Object;)Ljava/lang/Object; @ 163
Event: 1.259 Thread 0x0000000001fae000 Uncommon trap: reason=unstable_if action=reinterpret pc=0x0000000002460964 method=java.util.Arrays.copyOf([Ljava/lang/Object;ILjava/lang/Class;)[Ljava/lang/Object; @ 3
Event: 1.260 Thread 0x0000000001fae000 Uncommon trap: reason=class_check action=maybe_recompile pc=0x0000000002676340 method=java.util.HashMap.putVal(ILjava/lang/Object;Ljava/lang/Object;ZZ)Ljava/lang/Object; @ 56
Event: 1.260 Thread 0x0000000001fae000 Uncommon trap: reason=class_check action=maybe_recompile pc=0x00000000026763b0 method=java.util.HashMap.putVal(ILjava/lang/Object;Ljava/lang/Object;ZZ)Ljava/lang/Object; @ 152
Event: 1.260 Thread 0x0000000001fae000 Uncommon trap: reason=class_check action=maybe_recompile pc=0x0000000002676340 method=java.util.HashMap.putVal(ILjava/lang/Object;Ljava/lang/Object;ZZ)Ljava/lang/Object; @ 56
Event: 1.261 Thread 0x0000000001fae000 Uncommon trap: reason=class_check action=maybe_recompile pc=0x0000000002676340 method=java.util.HashMap.putVal(ILjava/lang/Object;Ljava/lang/Object;ZZ)Ljava/lang/Object; @ 56
Event: 1.296 Thread 0x0000000001fae000 Uncommon trap: reason=unstable_if action=reinterpret pc=0x00000000026fb0f8 method=java.util.HashMap.putVal(ILjava/lang/Object;Ljava/lang/Object;ZZ)Ljava/lang/Object; @ 162
Event: 1.296 Thread 0x0000000001fae000 Uncommon trap: reason=unstable_if action=reinterpret pc=0x0000000002668f5c method=java.util.HashMap.resize()[Ljava/util/HashMap$Node; @ 206
Event: 1.338 Thread 0x0000000001fae000 Uncommon trap: reason=predicate action=maybe_recompile pc=0x000000000279a2e4 method=com.android.dex.Leb128.readUnsignedLeb128(Lcom/android/dex/util/ByteInput;)I @ 41
Event: 1.351 Thread 0x0000000001fae000 Uncommon trap: reason=unstable_if action=reinterpret pc=0x0000000002656ed0 method=java.util.HashMap.getNode(ILjava/lang/Object;)Ljava/util/HashMap$Node; @ 84

Internal exceptions (2 events):
Event: 0.021 Thread 0x0000000001fae000 Exception <a 'java/lang/NoSuchMethodError': Method sun.misc.Unsafe.defineClass(Ljava/lang/String;[BII)Ljava/lang/Class; name or signature does not match> (0x00000000eab0db70) thrown at [C:\re\workspace\8-2-build-windows-amd64-cygwin\jdk8u45\3627\hotspot\srj|ƒ¸ü•?
Event: 0.021 Thread 0x0000000001fae000 Exception <a 'java/lang/NoSuchMethodError': Method sun.misc.Unsafe.prefetchRead(Ljava/lang/Object;J)V name or signature does not match> (0x00000000eab0de00) thrown at [C:\re\workspace\8-2-build-windows-amd64-cygwin\jdk8u45\3627\hotspot\src\share\vm\prims\j

Events (10 events):
Event: 1.329 loading class sun/misc/FormattedFloatingDecimal$1
Event: 1.329 loading class sun/misc/FormattedFloatingDecimal$1 done
Event: 1.329 loading class sun/misc/FormattedFloatingDecimal$2
Event: 1.329 loading class sun/misc/FormattedFloatingDecimal$2 done
Event: 1.338 Thread 0x0000000001fae000 Uncommon trap: trap_request=0xffffff86 fr.pc=0x000000000279a2e4
Event: 1.338 Thread 0x0000000001fae000 DEOPT PACKING pc=0x000000000279a2e4 sp=0x0000000001f9edc0
Event: 1.338 Thread 0x0000000001fae000 DEOPT UNPACKING pc=0x00000000020f582a sp=0x0000000001f9ed78 mode 2
Event: 1.351 Thread 0x0000000001fae000 Uncommon trap: trap_request=0xffffff65 fr.pc=0x0000000002656ed0
Event: 1.351 Thread 0x0000000001fae000 DEOPT PACKING pc=0x0000000002656ed0 sp=0x0000000001f9f200
Event: 1.351 Thread 0x0000000001fae000 DEOPT UNPACKING pc=0x00000000020f582a sp=0x0000000001f9f120 mode 2


Dynamic libraries:
0x00007ff73add0000 - 0x00007ff73ae07000 	C:\Program Files\Java\jdk1.8.0_45\bin\java.exe
0x00007ff8f47b0000 - 0x00007ff8f4971000 	C:\WINDOWS\SYSTEM32\ntdll.dll
0x00007ff8f1e40000 - 0x00007ff8f1eed000 	C:\WINDOWS\system32\KERNEL32.DLL
0x00007ff8e0260000 - 0x00007ff8e0292000 	C:\Program Files (x86)\AVG\AVG2015\avghooka.dll
0x00007ff8f1030000 - 0x00007ff8f1218000 	C:\WINDOWS\system32\KERNELBASE.dll
0x00007ff8f2ab0000 - 0x00007ff8f2b57000 	C:\WINDOWS\system32\ADVAPI32.dll
0x00007ff8f1da0000 - 0x00007ff8f1e3d000 	C:\WINDOWS\system32\msvcrt.dll
0x00007ff8f2d90000 - 0x00007ff8f2deb000 	C:\WINDOWS\system32\sechost.dll
0x00007ff8f1c00000 - 0x00007ff8f1d1c000 	C:\WINDOWS\system32\RPCRT4.dll
0x00007ff8f2040000 - 0x00007ff8f2196000 	C:\WINDOWS\system32\USER32.dll
0x00007ff8f21a0000 - 0x00007ff8f2326000 	C:\WINDOWS\system32\GDI32.dll
0x00007ff8e4400000 - 0x00007ff8e4674000 	C:\WINDOWS\WinSxS\amd64_microsoft.windows.common-controls_6595b64144ccf1df_6.0.10586.0_none_8c15ae12515e1c22\COMCTL32.dll
0x00007ff8f2fd0000 - 0x00007ff8f324d000 	C:\WINDOWS\system32\combase.dll
0x00007ff8f1220000 - 0x00007ff8f128a000 	C:\WINDOWS\system32\bcryptPrimitives.dll
0x00007ff8f1bb0000 - 0x00007ff8f1beb000 	C:\WINDOWS\system32\IMM32.DLL
0x0000000050a10000 - 0x0000000050ae2000 	C:\Program Files\Java\jdk1.8.0_45\jre\bin\msvcr100.dll
0x0000000050ed0000 - 0x0000000051753000 	C:\Program Files\Java\jdk1.8.0_45\jre\bin\server\jvm.dll
0x00007ff8f2aa0000 - 0x00007ff8f2aa8000 	C:\WINDOWS\system32\PSAPI.DLL
0x00007ff8e7db0000 - 0x00007ff8e7db9000 	C:\WINDOWS\SYSTEM32\WSOCK32.dll
0x00007ff8f2d20000 - 0x00007ff8f2d8b000 	C:\WINDOWS\system32\WS2_32.dll
0x00007ff8ef3f0000 - 0x00007ff8ef413000 	C:\WINDOWS\SYSTEM32\WINMM.dll
0x00007ff8ed020000 - 0x00007ff8ed02a000 	C:\WINDOWS\SYSTEM32\VERSION.dll
0x00007ff8ef390000 - 0x00007ff8ef3bc000 	C:\WINDOWS\SYSTEM32\WINMMBASE.dll
0x00007ff8f19f0000 - 0x00007ff8f1a33000 	C:\WINDOWS\system32\cfgmgr32.dll
0x0000000050ec0000 - 0x0000000050ecf000 	C:\Program Files\Java\jdk1.8.0_45\jre\bin\verify.dll
0x0000000050e90000 - 0x0000000050eb9000 	C:\Program Files\Java\jdk1.8.0_45\jre\bin\java.dll
0x0000000050e70000 - 0x0000000050e86000 	C:\Program Files\Java\jdk1.8.0_45\jre\bin\zip.dll
0x0000000015ae0000 - 0x000000001703c000 	C:\WINDOWS\system32\SHELL32.dll
0x00007ff8f1310000 - 0x00007ff8f1955000 	C:\WINDOWS\system32\windows.storage.dll
0x00007ff8f1d40000 - 0x00007ff8f1d92000 	C:\WINDOWS\system32\shlwapi.dll
0x00007ff8f0dd0000 - 0x00007ff8f0ddf000 	C:\WINDOWS\system32\kernel.appcore.dll
0x00007ff8f1af0000 - 0x00007ff8f1ba5000 	C:\WINDOWS\system32\shcore.dll
0x00007ff8f0de0000 - 0x00007ff8f0e2b000 	C:\WINDOWS\system32\powrprof.dll
0x00007ff8f0e40000 - 0x00007ff8f0e54000 	C:\WINDOWS\system32\profapi.dll
0x00007ff8ecd20000 - 0x00007ff8eceac000 	C:\WINDOWS\SYSTEM32\dbghelp.dll

VM Arguments:
jvm_args: -Xmx1024M -Dfile.encoding=windows-1252 -Duser.country=US -Duser.language=en -Duser.variant 
java_command: com.android.dx.command.Main --dex --num-threads=4 --output D:\Programs\git\SoLApp\app\build\intermediates\dex\debug D:\Programs\git\SoLApp\app\build\intermediates\classes\debug D:\Programs\git\SoLApp\app\build\intermediates\pre-dexed\debug\support-annotations-23.0.1-de772e98d2cdc538762a2600421ee0c465613951.jar D:\Programs\git\SoLApp\app\build\intermediates\pre-dexed\debug\internal_impl-23.0.1-9e52e73bcc3e4f38234f1218b5eac1840f7a0a14.jar D:\Programs\git\SoLApp\app\build\intermediates\pre-dexed\debug\jsoup-1.8.3-8195892aed980e96e2f883e7df080a29adefc831.jar D:\Programs\git\SoLApp\app\build\intermediates\pre-dexed\debug\classes-bcca0ff0726bae6ef30d2c0637fe9dbec89cae81.jar D:\Programs\git\SoLApp\app\build\intermediates\pre-dexed\debug\classes-31af919495216cdbf703dfd97d1da83e79bfaa40.jar
java_class_path (initial): D:\Programs\SDKAndroid\build-tools\23.0.1\lib\dx.jar
Launcher Type: SUN_STANDARD

Environment Variables:
PATH=C:\Program Files (x86)\NVIDIA Corporation\PhysX\Common;C:\ProgramData\Oracle\Java\javapath;C:\Program Files (x86)\Intel\iCLS Client\;C:\Program Files\Intel\iCLS Client\;C:\WINDOWS\system32;C:\WINDOWS;C:\WINDOWS\System32\Wbem;C:\WINDOWS\System32\WindowsPowerShell\v1.0\;C:\Program Files\Intel\Intel(R) Management Engine Components\DAL;C:\Program Files (x86)\Intel\Intel(R) Management Engine Components\DAL;C:\Program Files\Intel\Intel(R) Management Engine Components\IPT;C:\Program Files (x86)\Intel\Intel(R) Management Engine Components\IPT;C:\Program Files (x86)\ATI Technologies\ATI.ACE\Core-Static;C:\WINDOWS\system32\config\systemprofile\.dnx\bin;C:\Program Files\Microsoft DNX\Dnvm\;C:\Program Files (x86)\Windows Kits\8.1\Windows Performance Toolkit\;C:\Program Files\Microsoft SQL Server\120\Tools\Binn\;C:\Program Files\Microsoft\Web Platform Installer\;C:\Program Files (x86)\AMD\ATI.ACE\Core-Static;D:\Python;D:\Programs\Heroku\bin;C:\Program Files (x86)\git\cmd;D:\Programs\node_js\;C:\Program Files\Java\jdk1.8.0_45\bin;C:\Program Files (x86)\Skype\Phone\;C:\Program Files\Microsoft SQL Server\110\Tools\Binn\;C:\Program Files (x86)\Microsoft SDKs\TypeScript\1.0\;C:\Users\Joshua\AppData\Roaming\npm
USERNAME=Joshua
OS=Windows_NT
PROCESSOR_IDENTIFIER=Intel64 Family 6 Model 60 Stepping 3, GenuineIntel



---------------  S Y S T E M  ---------------

OS: Windows 10.0 , 64 bit Build 10586 (10.0.10586.0)

CPU:total 4 (4 cores per cpu, 1 threads per core) family 6 model 60 stepping 3, cmov, cx8, fxsr, mmx, sse, sse2, sse3, ssse3, sse4.1, sse4.2, popcnt, avx, avx2, aes, clmul, erms, lzcnt, tsc, tscinvbit, bmi1, bmi2

Memory: 4k page, physical 8325524k(469840k free), swap 33491348k(3772k free)

vm_info: Java HotSpot(TM) 64-Bit Server VM (25.45-b02) for windows-amd64 JRE (1.8.0_45-b15), built on Apr 30 2015 12:40:44 by "java_re" with MS VC++ 10.0 (VS2010)

time: Mon Mar 21 04:32:47 2016
elapsed time: 1 seconds (0d 0h 0m 1s)

