#
# There is insufficient memory for the Java Runtime Environment to continue.
# Native memory allocation (malloc) failed to allocate 1177296 bytes for Chunk::new
# Possible reasons:
#   The system is out of physical RAM or swap space
#   In 32 bit mode, the process size limit was hit
# Possible solutions:
#   Reduce memory load on the system
#   Increase physical memory or swap space
#   Check if swap backing store is full
#   Use 64 bit Java on a 64 bit OS
#   Decrease Java heap size (-Xmx/-Xms)
#   Decrease number of Java threads
#   Decrease Java thread stack sizes (-Xss)
#   Set larger code cache with -XX:ReservedCodeCacheSize=
# This output file may be truncated or incomplete.
#
#  Out of Memory Error (allocation.cpp:390), pid=1356, tid=7420
#
# JRE version: Java(TM) SE Runtime Environment (8.0_45-b15) (build 1.8.0_45-b15)
# Java VM: Java HotSpot(TM) 64-Bit Server VM (25.45-b02 mixed mode windows-amd64 compressed oops)
# Failed to write core dump. Minidumps are not enabled by default on client versions of Windows
#

---------------  T H R E A D  ---------------

Current thread (0x0000000014916800):  JavaThread "C2 CompilerThread1" daemon [_thread_in_native, id=7420, stack(0x0000000015f10000,0x0000000016010000)]

Stack: [0x0000000015f10000,0x0000000016010000]
Native frames: (J=compiled Java code, j=interpreted, Vv=VM code, C=native code)
V  [jvm.dll+0x32b57a]
V  [jvm.dll+0x279873]
V  [jvm.dll+0x27a509]
V  [jvm.dll+0x271825]
V  [jvm.dll+0xcb9e2]
V  [jvm.dll+0xcbeac]
V  [jvm.dll+0x476ef2]
V  [jvm.dll+0x4b955f]
V  [jvm.dll+0x46bc14]
V  [jvm.dll+0x46ccbe]
V  [jvm.dll+0x4500f2]
V  [jvm.dll+0xa4352]
V  [jvm.dll+0xa4c8f]
V  [jvm.dll+0x241984]
V  [jvm.dll+0x29853a]
C  [msvcr100.dll+0x21d9f]
C  [msvcr100.dll+0x21e3b]
C  [KERNEL32.DLL+0x8364]
C  [ntdll.dll+0x65e91]


Current CompileTask:
C2:   2078 1777       4       com.android.dx.rop.code.LocalVariableExtractor::processBlock (327 bytes)


---------------  P R O C E S S  ---------------

Java Threads: ( => current thread )
  0x0000000016112000 JavaThread "Service Thread" daemon [_thread_blocked, id=7484, stack(0x0000000016510000,0x0000000016610000)]
  0x0000000014919800 JavaThread "C1 CompilerThread2" daemon [_thread_blocked, id=2232, stack(0x0000000016010000,0x0000000016110000)]
=>0x0000000014916800 JavaThread "C2 CompilerThread1" daemon [_thread_in_native, id=7420, stack(0x0000000015f10000,0x0000000016010000)]
  0x00000000148ba000 JavaThread "C2 CompilerThread0" daemon [_thread_in_native, id=8412, stack(0x0000000015e10000,0x0000000015f10000)]
  0x00000000148b8000 JavaThread "Attach Listener" daemon [_thread_blocked, id=14428, stack(0x0000000015d10000,0x0000000015e10000)]
  0x00000000148b7000 JavaThread "Signal Dispatcher" daemon [_thread_blocked, id=5204, stack(0x0000000015c10000,0x0000000015d10000)]
  0x00000000021e0800 JavaThread "Finalizer" daemon [_thread_blocked, id=11328, stack(0x0000000015b10000,0x0000000015c10000)]
  0x00000000021dd800 JavaThread "Reference Handler" daemon [_thread_blocked, id=16352, stack(0x0000000015a10000,0x0000000015b10000)]
  0x0000000001fed800 JavaThread "main" [_thread_in_Java, id=6980, stack(0x0000000001ff0000,0x00000000020f0000)]

Other Threads:
  0x0000000014888800 VMThread [stack: 0x0000000015910000,0x0000000015a10000] [id=5272]
  0x0000000016112800 WatcherThread [stack: 0x0000000016610000,0x0000000016710000] [id=8144]

VM state:not at safepoint (normal execution)

VM Mutex/Monitor currently owned by a thread: None

Heap:
 PSYoungGen      total 141824K, used 67180K [0x00000000eab00000, 0x00000000fc000000, 0x0000000100000000)
  eden space 131072K, 43% used [0x00000000eab00000,0x00000000ee2227b0,0x00000000f2b00000)
  from space 10752K, 99% used [0x00000000f2b00000,0x00000000f3578af0,0x00000000f3580000)
  to   space 10752K, 0% used [0x00000000fb580000,0x00000000fb580000,0x00000000fc000000)
 ParOldGen       total 175104K, used 25774K [0x00000000c0000000, 0x00000000cab00000, 0x00000000eab00000)
  object space 175104K, 14% used [0x00000000c0000000,0x00000000c192bbc8,0x00000000cab00000)
 Metaspace       used 6385K, capacity 7256K, committed 7424K, reserved 1056768K
  class space    used 612K, capacity 656K, committed 768K, reserved 1048576K

Card table byte_map: [0x00000000115b0000,0x00000000117c0000] byte_map_base: 0x0000000010fb0000

Marking Bits: (ParMarkBitMap*) 0x000000005c304040
 Begin Bits: [0x0000000011d20000, 0x0000000012d20000)
 End Bits:   [0x0000000012d20000, 0x0000000013d20000)

Polling page: 0x0000000001ef0000

CodeCache: size=245760Kb used=7735Kb max_used=7735Kb free=238024Kb
 bounds [0x00000000021f0000, 0x0000000002990000, 0x00000000111f0000]
 total_blobs=2173 nmethods=1903 adapters=182
 compilation: enabled

Compilation events (10 events):
Event: 2.064 Thread 0x0000000014919800 1951 %     3       com.android.dx.dex.code.OutputFinisher::getAllConstants @ 18 (47 bytes)
Event: 2.064 Thread 0x0000000014919800 nmethod 1951% 0x000000000297ec50 code [0x000000000297ee80, 0x000000000297f898]
Event: 2.064 Thread 0x0000000014919800 1952       2       com.android.dx.dex.file.DebugInfoItem::<init> (36 bytes)
Event: 2.064 Thread 0x0000000014919800 nmethod 1952 0x000000000297fd90 code [0x000000000297ff00, 0x0000000002980178]
Event: 2.065 Thread 0x0000000014919800 1953 %     3       com.android.dx.dex.code.OutputFinisher::addConstants @ 47 (93 bytes)
Event: 2.066 Thread 0x0000000014919800 nmethod 1953% 0x0000000002980290 code [0x00000000029804e0, 0x0000000002981758]
Event: 2.066 Thread 0x0000000014919800 1954       3       com.android.dx.dex.code.OutputFinisher::addConstants (93 bytes)
Event: 2.067 Thread 0x0000000014919800 nmethod 1954 0x0000000002981dd0 code [0x0000000002982020, 0x00000000029831d8]
Event: 2.068 Thread 0x0000000014919800 1955       3       com.android.dx.dex.code.OutputFinisher::getAllConstants (47 bytes)
Event: 2.069 Thread 0x0000000014919800 nmethod 1955 0x0000000002983850 code [0x0000000002983a80, 0x00000000029843c8]

GC Heap History (6 events):
Event: 1.245 GC heap before
{Heap before GC invocations=1 (full 0):
 PSYoungGen      total 76288K, used 65536K [0x00000000eab00000, 0x00000000f0000000, 0x0000000100000000)
  eden space 65536K, 100% used [0x00000000eab00000,0x00000000eeb00000,0x00000000eeb00000)
  from space 10752K, 0% used [0x00000000ef580000,0x00000000ef580000,0x00000000f0000000)
  to   space 10752K, 0% used [0x00000000eeb00000,0x00000000eeb00000,0x00000000ef580000)
 ParOldGen       total 175104K, used 0K [0x00000000c0000000, 0x00000000cab00000, 0x00000000eab00000)
  object space 175104K, 0% used [0x00000000c0000000,0x00000000c0000000,0x00000000cab00000)
 Metaspace       used 6114K, capacity 7092K, committed 7296K, reserved 1056768K
  class space    used 604K, capacity 620K, committed 640K, reserved 1048576K
Event: 1.261 GC heap after
Heap after GC invocations=1 (full 0):
 PSYoungGen      total 76288K, used 10733K [0x00000000eab00000, 0x00000000f4000000, 0x0000000100000000)
  eden space 65536K, 0% used [0x00000000eab00000,0x00000000eab00000,0x00000000eeb00000)
  from space 10752K, 99% used [0x00000000eeb00000,0x00000000ef57b738,0x00000000ef580000)
  to   space 10752K, 0% used [0x00000000f3580000,0x00000000f3580000,0x00000000f4000000)
 ParOldGen       total 175104K, used 245K [0x00000000c0000000, 0x00000000cab00000, 0x00000000eab00000)
  object space 175104K, 0% used [0x00000000c0000000,0x00000000c003d570,0x00000000cab00000)
 Metaspace       used 6114K, capacity 7092K, committed 7296K, reserved 1056768K
  class space    used 604K, capacity 620K, committed 640K, reserved 1048576K
}
Event: 1.510 GC heap before
{Heap before GC invocations=2 (full 0):
 PSYoungGen      total 76288K, used 76269K [0x00000000eab00000, 0x00000000f4000000, 0x0000000100000000)
  eden space 65536K, 100% used [0x00000000eab00000,0x00000000eeb00000,0x00000000eeb00000)
  from space 10752K, 99% used [0x00000000eeb00000,0x00000000ef57b738,0x00000000ef580000)
  to   space 10752K, 0% used [0x00000000f3580000,0x00000000f3580000,0x00000000f4000000)
 ParOldGen       total 175104K, used 245K [0x00000000c0000000, 0x00000000cab00000, 0x00000000eab00000)
  object space 175104K, 0% used [0x00000000c0000000,0x00000000c003d570,0x00000000cab00000)
 Metaspace       used 6183K, capacity 7156K, committed 7296K, reserved 1056768K
  class space    used 605K, capacity 620K, committed 640K, reserved 1048576K
Event: 1.529 GC heap after
Heap after GC invocations=2 (full 0):
 PSYoungGen      total 141824K, used 10740K [0x00000000eab00000, 0x00000000f4000000, 0x0000000100000000)
  eden space 131072K, 0% used [0x00000000eab00000,0x00000000eab00000,0x00000000f2b00000)
  from space 10752K, 99% used [0x00000000f3580000,0x00000000f3ffd388,0x00000000f4000000)
  to   space 10752K, 0% used [0x00000000f2b00000,0x00000000f2b00000,0x00000000f3580000)
 ParOldGen       total 175104K, used 6845K [0x00000000c0000000, 0x00000000cab00000, 0x00000000eab00000)
  object space 175104K, 3% used [0x00000000c0000000,0x00000000c06af650,0x00000000cab00000)
 Metaspace       used 6183K, capacity 7156K, committed 7296K, reserved 1056768K
  class space    used 605K, capacity 620K, committed 640K, reserved 1048576K
}
Event: 1.885 GC heap before
{Heap before GC invocations=3 (full 0):
 PSYoungGen      total 141824K, used 141812K [0x00000000eab00000, 0x00000000f4000000, 0x0000000100000000)
  eden space 131072K, 100% used [0x00000000eab00000,0x00000000f2b00000,0x00000000f2b00000)
  from space 10752K, 99% used [0x00000000f3580000,0x00000000f3ffd388,0x00000000f4000000)
  to   space 10752K, 0% used [0x00000000f2b00000,0x00000000f2b00000,0x00000000f3580000)
 ParOldGen       total 175104K, used 6845K [0x00000000c0000000, 0x00000000cab00000, 0x00000000eab00000)
  object space 175104K, 3% used [0x00000000c0000000,0x00000000c06af650,0x00000000cab00000)
 Metaspace       used 6267K, capacity 7156K, committed 7296K, reserved 1056768K
  class space    used 605K, capacity 620K, committed 640K, reserved 1048576K
Event: 1.924 GC heap after
Heap after GC invocations=3 (full 0):
 PSYoungGen      total 141824K, used 10722K [0x00000000eab00000, 0x00000000fc000000, 0x0000000100000000)
  eden space 131072K, 0% used [0x00000000eab00000,0x00000000eab00000,0x00000000f2b00000)
  from space 10752K, 99% used [0x00000000f2b00000,0x00000000f3578af0,0x00000000f3580000)
  to   space 10752K, 0% used [0x00000000fb580000,0x00000000fb580000,0x00000000fc000000)
 ParOldGen       total 175104K, used 25774K [0x00000000c0000000, 0x00000000cab00000, 0x00000000eab00000)
  object space 175104K, 14% used [0x00000000c0000000,0x00000000c192bbc8,0x00000000cab00000)
 Metaspace       used 6267K, capacity 7156K, committed 7296K, reserved 1056768K
  class space    used 605K, capacity 620K, committed 640K, reserved 1048576K
}

Deoptimization events (10 events):
Event: 1.156 Thread 0x0000000001fed800 Uncommon trap: reason=unstable_if action=reinterpret pc=0x0000000002699b7c method=com.android.dx.util.IntList.binarysearch(I)I @ 105
Event: 1.281 Thread 0x0000000016381800 Uncommon trap: reason=unstable_if action=reinterpret pc=0x000000000253df10 method=java.util.HashMap.putVal(ILjava/lang/Object;Ljava/lang/Object;ZZ)Ljava/lang/Object; @ 109
Event: 1.290 Thread 0x0000000016381800 Uncommon trap: reason=unstable_if action=reinterpret pc=0x000000000262219c method=com.android.dx.ssa.SsaMethod.updateOneDefinition(Lcom/android/dx/ssa/SsaInsn;Lcom/android/dx/rop/code/RegisterSpec;)V @ 4
Event: 1.292 Thread 0x0000000016381800 Uncommon trap: reason=unstable_if action=reinterpret pc=0x00000000026f5cb4 method=java.util.HashMap.putVal(ILjava/lang/Object;Ljava/lang/Object;ZZ)Ljava/lang/Object; @ 109
Event: 1.413 Thread 0x000000001636a000 Uncommon trap: reason=unstable_if action=reinterpret pc=0x000000000272bc8c method=com.android.dx.ssa.SCCP.simulateStmt(Lcom/android/dx/ssa/SsaInsn;)V @ 59
Event: 1.834 Thread 0x000000001636d800 Uncommon trap: reason=unstable_if action=reinterpret pc=0x0000000002890b58 method=com.android.dx.ssa.SCCP.simulateBranch(Lcom/android/dx/ssa/SsaInsn;)V @ 329
Event: 2.045 Thread 0x0000000001fed800 Uncommon trap: reason=class_check action=maybe_recompile pc=0x00000000027d3c28 method=java.util.Arrays.hashCode([Ljava/lang/Object;)I @ 43
Event: 2.045 Thread 0x0000000001fed800 Uncommon trap: reason=class_check action=maybe_recompile pc=0x00000000027d3c28 method=java.util.Arrays.hashCode([Ljava/lang/Object;)I @ 43
Event: 2.045 Thread 0x0000000001fed800 Uncommon trap: reason=class_check action=maybe_recompile pc=0x00000000027d3c28 method=java.util.Arrays.hashCode([Ljava/lang/Object;)I @ 43
Event: 2.045 Thread 0x0000000001fed800 Uncommon trap: reason=class_check action=maybe_recompile pc=0x00000000027d3c28 method=java.util.Arrays.hashCode([Ljava/lang/Object;)I @ 43

Internal exceptions (6 events):
Event: 0.068 Thread 0x0000000001fed800 Exception <a 'java/lang/NoSuchMethodError': Method sun.misc.Unsafe.defineClass(Ljava/lang/String;[BII)Ljava/lang/Class; name or signature does not match> (0x00000000eab0dbb8) thrown at [C:\re\workspace\8-2-build-windows-amd64-cygwin\jdk8u45\3627\hotspot\srÅÂœá±?
Event: 0.068 Thread 0x0000000001fed800 Exception <a 'java/lang/NoSuchMethodError': Method sun.misc.Unsafe.prefetchRead(Ljava/lang/Object;J)V name or signature does not match> (0x00000000eab0de48) thrown at [C:\re\workspace\8-2-build-windows-amd64-cygwin\jdk8u45\3627\hotspot\src\share\vm\prims\j5
Ôè›?
Event: 0.462 Thread 0x000000001636d800 Implicit null exception at 0x00000000025309a2 to 0x0000000002530a95
Event: 0.634 Thread 0x000000001638b800 Exception <a 'java/lang/ArrayIndexOutOfBoundsException': 18> (0x00000000ed92b310) thrown at [C:\re\workspace\8-2-build-windows-amd64-cygwin\jdk8u45\3627\hotspot\src\share\vm\interpreter\interpreterRuntime.cpp, line 366]
Event: 0.634 Thread 0x000000001638b800 Exception <a 'java/lang/ArrayIndexOutOfBoundsException': 145> (0x00000000ed92cde0) thrown at [C:\re\workspace\8-2-build-windows-amd64-cygwin\jdk8u45\3627\hotspot\src\share\vm\interpreter\interpreterRuntime.cpp, line 366]
Event: 0.634 Thread 0x000000001638b800 Exception <a 'java/lang/ArrayIndexOutOfBoundsException'> (0x00000000ed92e018) thrown at [C:\re\workspace\8-2-build-windows-amd64-cygwin\jdk8u45\3627\hotspot\src\share\vm\runtime\sharedRuntime.cpp, line 605]

Events (10 events):
Event: 2.045 Thread 0x0000000001fed800 Uncommon trap: trap_request=0xffffffde fr.pc=0x00000000027d3c28
Event: 2.045 Thread 0x0000000001fed800 DEOPT PACKING pc=0x00000000027d3c28 sp=0x00000000020eee70
Event: 2.045 Thread 0x0000000001fed800 DEOPT UNPACKING pc=0x000000000223582a sp=0x00000000020eedf0 mode 2
Event: 2.045 loading class com/android/dx/rop/cst/Zeroes
Event: 2.045 loading class com/android/dx/rop/cst/Zeroes done
Event: 2.046 Thread 0x000000001636a000 Thread exited: 0x000000001636a000
Event: 2.059 loading class com/android/dx/dex/file/CatchStructs
Event: 2.059 loading class com/android/dx/dex/file/CatchStructs done
Event: 2.068 Thread 0x0000000001fed800 DEOPT PACKING pc=0x000000000297bb94 sp=0x00000000020eefe0
Event: 2.068 Thread 0x0000000001fed800 DEOPT UNPACKING pc=0x000000000223787f sp=0x00000000020eed70 mode 0


Dynamic libraries:
0x00007ff61dcf0000 - 0x00007ff61dd27000 	C:\Program Files\Java\jdk1.8.0_45\bin\java.exe
0x00007ff97ca00000 - 0x00007ff97cbd1000 	C:\WINDOWS\SYSTEM32\ntdll.dll
0x00007ff97c8f0000 - 0x00007ff97c99b000 	C:\WINDOWS\System32\KERNEL32.DLL
0x00007ff95f270000 - 0x00007ff95f2a2000 	C:\Program Files (x86)\AVG\AVG2015\avghooka.dll
0x00007ff979180000 - 0x00007ff97939d000 	C:\WINDOWS\System32\KERNELBASE.dll
0x00007ff97a000000 - 0x00007ff97a0a2000 	C:\WINDOWS\System32\ADVAPI32.dll
0x00007ff97c730000 - 0x00007ff97c7ce000 	C:\WINDOWS\System32\msvcrt.dll
0x00007ff97bd30000 - 0x00007ff97bd89000 	C:\WINDOWS\System32\sechost.dll
0x00007ff97c600000 - 0x00007ff97c721000 	C:\WINDOWS\System32\RPCRT4.dll
0x00007ff97a680000 - 0x00007ff97a7e5000 	C:\WINDOWS\System32\USER32.dll
0x00007ff9793f0000 - 0x00007ff97940e000 	C:\WINDOWS\System32\win32u.dll
0x00007ff97c8b0000 - 0x00007ff97c8e4000 	C:\WINDOWS\System32\GDI32.dll
0x00007ff978ef0000 - 0x00007ff979072000 	C:\WINDOWS\System32\gdi32full.dll
0x00007ff9720f0000 - 0x00007ff972369000 	C:\WINDOWS\WinSxS\amd64_microsoft.windows.common-controls_6595b64144ccf1df_6.0.14393.0_none_2d0f50fcbdb171b8\COMCTL32.dll
0x00007ff97c210000 - 0x00007ff97c4d7000 	C:\WINDOWS\System32\combase.dll
0x00007ff979080000 - 0x00007ff979175000 	C:\WINDOWS\System32\ucrtbase.dll
0x00007ff979410000 - 0x00007ff97947a000 	C:\WINDOWS\System32\bcryptPrimitives.dll
0x00007ff97bd00000 - 0x00007ff97bd2e000 	C:\WINDOWS\System32\IMM32.DLL
0x000000005f220000 - 0x000000005f2f2000 	C:\Program Files\Java\jdk1.8.0_45\jre\bin\msvcr100.dll
0x000000005bb00000 - 0x000000005c383000 	C:\Program Files\Java\jdk1.8.0_45\jre\bin\server\jvm.dll
0x00007ff97c890000 - 0x00007ff97c898000 	C:\WINDOWS\System32\PSAPI.DLL
0x00007ff96f0e0000 - 0x00007ff96f0e9000 	C:\WINDOWS\SYSTEM32\WSOCK32.dll
0x00007ff97c000000 - 0x00007ff97c06a000 	C:\WINDOWS\System32\WS2_32.dll
0x00007ff977320000 - 0x00007ff977343000 	C:\WINDOWS\SYSTEM32\WINMM.dll
0x00007ff9741f0000 - 0x00007ff9741fa000 	C:\WINDOWS\SYSTEM32\VERSION.dll
0x00007ff9771b0000 - 0x00007ff9771db000 	C:\WINDOWS\SYSTEM32\WINMMBASE.dll
0x00007ff9793a0000 - 0x00007ff9793e2000 	C:\WINDOWS\System32\cfgmgr32.dll
0x000000005f210000 - 0x000000005f21f000 	C:\Program Files\Java\jdk1.8.0_45\jre\bin\verify.dll
0x000000005f1e0000 - 0x000000005f209000 	C:\Program Files\Java\jdk1.8.0_45\jre\bin\java.dll
0x000000005f1c0000 - 0x000000005f1d6000 	C:\Program Files\Java\jdk1.8.0_45\jre\bin\zip.dll
0x00007ff97a7f0000 - 0x00007ff97bcf8000 	C:\WINDOWS\System32\SHELL32.dll
0x00007ff979750000 - 0x00007ff979e2a000 	C:\WINDOWS\System32\windows.storage.dll
0x00007ff978e90000 - 0x00007ff978edc000 	C:\WINDOWS\System32\powrprof.dll
0x00007ff97a620000 - 0x00007ff97a672000 	C:\WINDOWS\System32\shlwapi.dll
0x00007ff978ee0000 - 0x00007ff978eef000 	C:\WINDOWS\System32\kernel.appcore.dll
0x00007ff979ee0000 - 0x00007ff979f89000 	C:\WINDOWS\System32\shcore.dll
0x00007ff978e70000 - 0x00007ff978e84000 	C:\WINDOWS\System32\profapi.dll
0x00007ff972890000 - 0x00007ff972a22000 	C:\WINDOWS\SYSTEM32\dbghelp.dll

VM Arguments:
jvm_args: -Djava.awt.headless=true -Xmx1024M -Dfile.encoding=windows-1252 -Duser.country=US -Duser.language=en -Duser.variant 
java_command: com.android.dx.command.Main --dex --num-threads=4 --output D:\Programs\git\SoLApp\app\build\intermediates\pre-dexed\debug\com.android.support-appcompat-v7-23.0.1_bcca0ff0726bae6ef30d2c0637fe9dbec89cae81.jar D:\Programs\git\SoLApp\app\build\intermediates\exploded-aar\com.android.support\appcompat-v7\23.0.1\jars\classes.jar
java_class_path (initial): D:\Programs\AndroidSDK\SDK2\build-tools\23.0.1\lib\dx.jar
Launcher Type: SUN_STANDARD

Environment Variables:
PATH=C:\ProgramData\Oracle\Java\javapath;C:\Program Files (x86)\Intel\iCLS Client\;C:\Program Files\Intel\iCLS Client\;C:\WINDOWS\system32;C:\WINDOWS;C:\WINDOWS\System32\Wbem;C:\WINDOWS\System32\WindowsPowerShell\v1.0\;C:\Program Files\Intel\Intel(R) Management Engine Components\DAL;C:\Program Files (x86)\Intel\Intel(R) Management Engine Components\DAL;C:\Program Files\Intel\Intel(R) Management Engine Components\IPT;C:\Program Files (x86)\Intel\Intel(R) Management Engine Components\IPT;C:\Program Files (x86)\ATI Technologies\ATI.ACE\Core-Static;C:\Users\Joshua\.dnx\bin;C:\Program Files\Microsoft DNX\Dnvm\;C:\Program Files (x86)\Windows Kits\8.1\Windows Performance Toolkit\;C:\Program Files\Microsoft SQL Server\120\Tools\Binn\;C:\Program Files\Microsoft\Web Platform Installer\;C:\Program Files (x86)\AMD\ATI.ACE\Core-Static;D:\Python;D:\Programs\Heroku\bin;C:\Program Files (x86)\git\cmd;D:\Programs\node_js\;C:\Program Files\Java\jdk1.8.0_45\bin;C:\Program Files (x86)\Skype\Phone\;C:\Program Files\Microsoft SQL Server\110\Tools\Binn\;C:\Program Files (x86)\Microsoft SDKs\TypeScript\1.0\;C:\Program Files (x86)\Windows Live\Shared;C:\Program Files (x86)\NVIDIA Corporation\PhysX\Common;C:\WINDOWS\system32;C:\WINDOWS;C:\WINDOWS\System32\Wbem;C:\WINDOWS\System32\WindowsPowerShell\v1.0\;C:\Program Files (x86)\GtkSharp\2.12\bin;C:\Users\Joshua\AppData\Roaming\npm;%USERPROFILE%\AppData\Local\Microsoft\WindowsApps;
USERNAME=Joshua
OS=Windows_NT
PROCESSOR_IDENTIFIER=Intel64 Family 6 Model 60 Stepping 3, GenuineIntel



---------------  S Y S T E M  ---------------

OS: Windows 10.0 , 64 bit Build 14393 (10.0.14393.0)

CPU:total 4 (4 cores per cpu, 1 threads per core) family 6 model 60 stepping 3, cmov, cx8, fxsr, mmx, sse, sse2, sse3, ssse3, sse4.1, sse4.2, popcnt, avx, avx2, aes, clmul, erms, lzcnt, tsc, tscinvbit, bmi1, bmi2

Memory: 4k page, physical 16714132k(7756860k free), swap 31263888k(8020k free)

vm_info: Java HotSpot(TM) 64-Bit Server VM (25.45-b02) for windows-amd64 JRE (1.8.0_45-b15), built on Apr 30 2015 12:40:44 by "java_re" with MS VC++ 10.0 (VS2010)

time: Mon Oct 24 22:16:56 2016
elapsed time: 2 seconds (0d 0h 0m 2s)

