#
# There is insufficient memory for the Java Runtime Environment to continue.
# Native memory allocation (malloc) failed to allocate 32744 bytes for ChunkPool::allocate
# Possible reasons:
#   The system is out of physical RAM or swap space
#   In 32 bit mode, the process size limit was hit
# Possible solutions:
#   Reduce memory load on the system
#   Increase physical memory or swap space
#   Check if swap backing store is full
#   Use 64 bit Java on a 64 bit OS
#   Decrease Java heap size (-Xmx/-Xms)
#   Decrease number of Java threads
#   Decrease Java thread stack sizes (-Xss)
#   Set larger code cache with -XX:ReservedCodeCacheSize=
# This output file may be truncated or incomplete.
#
#  Out of Memory Error (allocation.cpp:273), pid=12280, tid=3552
#
# JRE version: Java(TM) SE Runtime Environment (8.0_45-b15) (build 1.8.0_45-b15)
# Java VM: Java HotSpot(TM) 64-Bit Server VM (25.45-b02 mixed mode windows-amd64 compressed oops)
# Failed to write core dump. Minidumps are not enabled by default on client versions of Windows
#

---------------  T H R E A D  ---------------

Current thread (0x0000000014c0d000):  JavaThread "C1 CompilerThread2" daemon [_thread_in_native, id=3552, stack(0x0000000016300000,0x0000000016400000)]

Stack: [0x0000000016300000,0x0000000016400000]
Native frames: (J=compiled Java code, j=interpreted, Vv=VM code, C=native code)
V  [jvm.dll+0x32b57a]


Current CompileTask:
C1:    560  669   !   3      
[error occurred during error reporting (printing current compile task), id 0xe0000001]


---------------  P R O C E S S  ---------------

Java Threads: ( => current thread )
  0x0000000016687000 JavaThread "pool-1-thread-4" [_thread_in_Java, id=11416, stack(0x0000000016e00000,0x0000000016f00000)]
  0x0000000016686000 JavaThread "pool-1-thread-3" [_thread_in_Java, id=10040, stack(0x0000000016d00000,0x0000000016e00000)]
  0x0000000016685800 JavaThread "pool-1-thread-2" [_thread_in_Java, id=6040, stack(0x0000000016c00000,0x0000000016d00000)]
  0x000000001667e800 JavaThread "pool-2-thread-1" [_thread_blocked, id=14536, stack(0x0000000016b00000,0x0000000016c00000)]
  0x0000000016662800 JavaThread "pool-1-thread-1" [_thread_in_Java, id=17008, stack(0x0000000016a00000,0x0000000016b00000)]
  0x0000000016406000 JavaThread "Service Thread" daemon [_thread_blocked, id=15188, stack(0x0000000016800000,0x0000000016900000)]
=>0x0000000014c0d000 JavaThread "C1 CompilerThread2" daemon [_thread_in_native, id=3552, stack(0x0000000016300000,0x0000000016400000)]
  0x0000000014c0a800 JavaThread "C2 CompilerThread1" daemon [_thread_in_native, id=9188, stack(0x0000000016200000,0x0000000016300000)]
  0x0000000014baa000 JavaThread "C2 CompilerThread0" daemon [_thread_in_native, id=4344, stack(0x0000000016100000,0x0000000016200000)]
  0x0000000014ba8000 JavaThread "Attach Listener" daemon [_thread_blocked, id=12716, stack(0x0000000016000000,0x0000000016100000)]
  0x0000000014ba6800 JavaThread "Signal Dispatcher" daemon [_thread_blocked, id=7404, stack(0x0000000015f00000,0x0000000016000000)]
  0x00000000024d1000 JavaThread "Finalizer" daemon [_thread_blocked, id=17016, stack(0x0000000015e00000,0x0000000015f00000)]
  0x00000000024ce800 JavaThread "Reference Handler" daemon [_thread_blocked, id=6308, stack(0x0000000015d00000,0x0000000015e00000)]
  0x00000000023cd800 JavaThread "main" [_thread_in_vm, id=4384, stack(0x00000000022a0000,0x00000000023a0000)]

Other Threads:
  0x0000000014b77800 VMThread [stack: 0x0000000015c00000,0x0000000015d00000] [id=10112]
  0x0000000016407000 WatcherThread [stack: 0x0000000016900000,0x0000000016a00000] [id=6908]

VM state:not at safepoint (normal execution)

VM Mutex/Monitor currently owned by a thread: None

Heap:
 PSYoungGen      total 76288K, used 18355K [0x00000000eab00000, 0x00000000f0000000, 0x0000000100000000)
  eden space 65536K, 28% used [0x00000000eab00000,0x00000000ebcece30,0x00000000eeb00000)
  from space 10752K, 0% used [0x00000000ef580000,0x00000000ef580000,0x00000000f0000000)
  to   space 10752K, 0% used [0x00000000eeb00000,0x00000000eeb00000,0x00000000ef580000)
 ParOldGen       total 175104K, used 0K [0x00000000c0000000, 0x00000000cab00000, 0x00000000eab00000)
  object space 175104K, 0% used [0x00000000c0000000,0x00000000c0000000,0x00000000cab00000)
 Metaspace       used 5419K, capacity 6512K, committed 6784K, reserved 1056768K
  class space    used 575K, capacity 616K, committed 640K, reserved 1048576K

Card table byte_map: [0x00000000118a0000,0x0000000011ab0000] byte_map_base: 0x00000000112a0000

Marking Bits: (ParMarkBitMap*) 0x000000005c304040
 Begin Bits: [0x0000000012010000, 0x0000000013010000)
 End Bits:   [0x0000000013010000, 0x0000000014010000)

Polling page: 0x0000000000ad0000

CodeCache: size=245760Kb used=2453Kb max_used=2464Kb free=243306Kb
 bounds [0x00000000024e0000, 0x0000000002750000, 0x00000000114e0000]
 total_blobs=927 nmethods=658 adapters=182
 compilation: enabled

Compilation events (10 events):
Event: 0.554 Thread 0x0000000014c0d000  667       3       com.android.dx.rop.code.RopMethod::labelToPredecessors (54 bytes)
Event: 0.554 Thread 0x0000000014c0d000 nmethod 667 0x0000000002745a50 code [0x0000000002745c40, 0x0000000002746538]
Event: 0.554 Thread 0x0000000014c0d000  669   !   3       com.android.dx.cf.code.BytecodeArray::parseInstruction (2764 bytes)
Event: 0.556 Thread 0x0000000014c0a800  677       4       java.util.ArrayList::isEmpty (13 bytes)
Event: 0.557 Thread 0x0000000014c0a800 nmethod 677 0x0000000002725750 code [0x0000000002725880, 0x00000000027258f8]
Event: 0.557 Thread 0x0000000014c0a800  678       4       com.android.dx.ssa.NormalSsaInsn::isNormalMoveInsn (20 bytes)
Event: 0.557 Thread 0x0000000014c0a800 nmethod 678 0x0000000002732190 code [0x00000000027322c0, 0x0000000002732358]
Event: 0.557 Thread 0x0000000014c0a800  679       4       com.android.dx.ssa.NormalSsaInsn::getOpcode (8 bytes)
Event: 0.558 Thread 0x0000000014c0a800 nmethod 679 0x000000000273f210 code [0x000000000273f340, 0x000000000273f3b8]
Event: 0.558 Thread 0x0000000014c0a800  680       4       java.util.HashSet::contains (9 bytes)

GC Heap History (0 events):
No events

Deoptimization events (1 events):
Event: 0.553 Thread 0x0000000016685800 Uncommon trap: reason=unstable_if action=reinterpret pc=0x0000000002701ad8 method=java.util.HashMap.getNode(ILjava/lang/Object;)Ljava/util/HashMap$Node; @ 129

Internal exceptions (2 events):
Event: 0.038 Thread 0x00000000023cd800 Exception <a 'java/lang/NoSuchMethodError': Method sun.misc.Unsafe.defineClass(Ljava/lang/String;[BII)Ljava/lang/Class; name or signature does not match> (0x00000000eab0da30) thrown at [C:\re\workspace\8-2-build-windows-amd64-cygwin\jdk8u45\3627\hotspot\sr•ˆ­×.v£?
Event: 0.038 Thread 0x00000000023cd800 Exception <a 'java/lang/NoSuchMethodError': Method sun.misc.Unsafe.prefetchRead(Ljava/lang/Object;J)V name or signature does not match> (0x00000000eab0dcc0) thrown at [C:\re\workspace\8-2-build-windows-amd64-cygwin\jdk8u45\3627\hotspot\src\share\vm\prims\j

Events (10 events):
Event: 0.551 loading class java/util/ArrayList$1 done
Event: 0.553 Thread 0x0000000016685800 Uncommon trap: trap_request=0xffffff65 fr.pc=0x0000000002701ad8
Event: 0.553 Thread 0x0000000016685800 DEOPT PACKING pc=0x0000000002701ad8 sp=0x0000000016cfe8f0
Event: 0.553 Thread 0x0000000016685800 DEOPT UNPACKING pc=0x000000000252582a sp=0x0000000016cfe868 mode 2
Event: 0.553 loading class com/android/dx/cf/code/Ropper$ExceptionHandlerSetup
Event: 0.553 loading class com/android/dx/cf/code/Ropper$ExceptionHandlerSetup done
Event: 0.555 loading class java/util/HashMap$Values
Event: 0.555 loading class java/util/HashMap$Values done
Event: 0.555 loading class java/util/HashMap$ValueIterator
Event: 0.555 loading class java/util/HashMap$ValueIterator done


Dynamic libraries:
0x00007ff61dcf0000 - 0x00007ff61dd27000 	C:\Program Files\Java\jdk1.8.0_45\bin\java.exe
0x00007ff97ca00000 - 0x00007ff97cbd1000 	C:\WINDOWS\SYSTEM32\ntdll.dll
0x00007ff97c8f0000 - 0x00007ff97c99b000 	C:\WINDOWS\System32\KERNEL32.DLL
0x00007ff95f270000 - 0x00007ff95f2a2000 	C:\Program Files (x86)\AVG\AVG2015\avghooka.dll
0x00007ff979180000 - 0x00007ff97939d000 	C:\WINDOWS\System32\KERNELBASE.dll
0x00007ff97a000000 - 0x00007ff97a0a2000 	C:\WINDOWS\System32\ADVAPI32.dll
0x00007ff97c730000 - 0x00007ff97c7ce000 	C:\WINDOWS\System32\msvcrt.dll
0x00007ff97bd30000 - 0x00007ff97bd89000 	C:\WINDOWS\System32\sechost.dll
0x00007ff97c600000 - 0x00007ff97c721000 	C:\WINDOWS\System32\RPCRT4.dll
0x00007ff97a680000 - 0x00007ff97a7e5000 	C:\WINDOWS\System32\USER32.dll
0x00007ff9793f0000 - 0x00007ff97940e000 	C:\WINDOWS\System32\win32u.dll
0x00007ff97c8b0000 - 0x00007ff97c8e4000 	C:\WINDOWS\System32\GDI32.dll
0x00007ff978ef0000 - 0x00007ff979072000 	C:\WINDOWS\System32\gdi32full.dll
0x00007ff9720f0000 - 0x00007ff972369000 	C:\WINDOWS\WinSxS\amd64_microsoft.windows.common-controls_6595b64144ccf1df_6.0.14393.0_none_2d0f50fcbdb171b8\COMCTL32.dll
0x00007ff97c210000 - 0x00007ff97c4d7000 	C:\WINDOWS\System32\combase.dll
0x00007ff979080000 - 0x00007ff979175000 	C:\WINDOWS\System32\ucrtbase.dll
0x00007ff979410000 - 0x00007ff97947a000 	C:\WINDOWS\System32\bcryptPrimitives.dll
0x00007ff97bd00000 - 0x00007ff97bd2e000 	C:\WINDOWS\System32\IMM32.DLL
0x000000005f220000 - 0x000000005f2f2000 	C:\Program Files\Java\jdk1.8.0_45\jre\bin\msvcr100.dll
0x000000005bb00000 - 0x000000005c383000 	C:\Program Files\Java\jdk1.8.0_45\jre\bin\server\jvm.dll
0x00007ff97c890000 - 0x00007ff97c898000 	C:\WINDOWS\System32\PSAPI.DLL
0x00007ff96f0e0000 - 0x00007ff96f0e9000 	C:\WINDOWS\SYSTEM32\WSOCK32.dll
0x00007ff97c000000 - 0x00007ff97c06a000 	C:\WINDOWS\System32\WS2_32.dll
0x00007ff977320000 - 0x00007ff977343000 	C:\WINDOWS\SYSTEM32\WINMM.dll
0x00007ff9741f0000 - 0x00007ff9741fa000 	C:\WINDOWS\SYSTEM32\VERSION.dll
0x00007ff9771b0000 - 0x00007ff9771db000 	C:\WINDOWS\SYSTEM32\WINMMBASE.dll
0x00007ff9793a0000 - 0x00007ff9793e2000 	C:\WINDOWS\System32\cfgmgr32.dll
0x000000005f210000 - 0x000000005f21f000 	C:\Program Files\Java\jdk1.8.0_45\jre\bin\verify.dll
0x000000005f1e0000 - 0x000000005f209000 	C:\Program Files\Java\jdk1.8.0_45\jre\bin\java.dll
0x000000005f1c0000 - 0x000000005f1d6000 	C:\Program Files\Java\jdk1.8.0_45\jre\bin\zip.dll
0x00007ff97a7f0000 - 0x00007ff97bcf8000 	C:\WINDOWS\System32\SHELL32.dll
0x00007ff979750000 - 0x00007ff979e2a000 	C:\WINDOWS\System32\windows.storage.dll
0x00007ff978e90000 - 0x00007ff978edc000 	C:\WINDOWS\System32\powrprof.dll
0x00007ff97a620000 - 0x00007ff97a672000 	C:\WINDOWS\System32\shlwapi.dll
0x00007ff978ee0000 - 0x00007ff978eef000 	C:\WINDOWS\System32\kernel.appcore.dll
0x00007ff979ee0000 - 0x00007ff979f89000 	C:\WINDOWS\System32\shcore.dll
0x00007ff978e70000 - 0x00007ff978e84000 	C:\WINDOWS\System32\profapi.dll

VM Arguments:
jvm_args: -Djava.awt.headless=true -Xmx1024M -Dfile.encoding=windows-1252 -Duser.country=US -Duser.language=en -Duser.variant 
java_command: com.android.dx.command.Main --dex --num-threads=4 --output D:\Programs\git\SoLApp\app\build\intermediates\pre-dexed\debug\com.android.support-support-v4-23.0.1_31af919495216cdbf703dfd97d1da83e79bfaa40.jar D:\Programs\git\SoLApp\app\build\intermediates\exploded-aar\com.android.support\support-v4\23.0.1\jars\classes.jar
java_class_path (initial): D:\Programs\AndroidSDK\SDK2\build-tools\23.0.1\lib\dx.jar
Launcher Type: SUN_STANDARD

Environment Variables:
PATH=C:\ProgramData\Oracle\Java\javapath;C:\Program Files (x86)\Intel\iCLS Client\;C:\Program Files\Intel\iCLS Client\;C:\WINDOWS\system32;C:\WINDOWS;C:\WINDOWS\System32\Wbem;C:\WINDOWS\System32\WindowsPowerShell\v1.0\;C:\Program Files\Intel\Intel(R) Management Engine Components\DAL;C:\Program Files (x86)\Intel\Intel(R) Management Engine Components\DAL;C:\Program Files\Intel\Intel(R) Management Engine Components\IPT;C:\Program Files (x86)\Intel\Intel(R) Management Engine Components\IPT;C:\Program Files (x86)\ATI Technologies\ATI.ACE\Core-Static;C:\Users\Joshua\.dnx\bin;C:\Program Files\Microsoft DNX\Dnvm\;C:\Program Files (x86)\Windows Kits\8.1\Windows Performance Toolkit\;C:\Program Files\Microsoft SQL Server\120\Tools\Binn\;C:\Program Files\Microsoft\Web Platform Installer\;C:\Program Files (x86)\AMD\ATI.ACE\Core-Static;D:\Python;D:\Programs\Heroku\bin;C:\Program Files (x86)\git\cmd;D:\Programs\node_js\;C:\Program Files\Java\jdk1.8.0_45\bin;C:\Program Files (x86)\Skype\Phone\;C:\Program Files\Microsoft SQL Server\110\Tools\Binn\;C:\Program Files (x86)\Microsoft SDKs\TypeScript\1.0\;C:\Program Files (x86)\Windows Live\Shared;C:\Program Files (x86)\NVIDIA Corporation\PhysX\Common;C:\WINDOWS\system32;C:\WINDOWS;C:\WINDOWS\System32\Wbem;C:\WINDOWS\System32\WindowsPowerShell\v1.0\;C:\Program Files (x86)\GtkSharp\2.12\bin;C:\Users\Joshua\AppData\Roaming\npm;%USERPROFILE%\AppData\Local\Microsoft\WindowsApps;
USERNAME=Joshua
OS=Windows_NT
PROCESSOR_IDENTIFIER=Intel64 Family 6 Model 60 Stepping 3, GenuineIntel



---------------  S Y S T E M  ---------------

OS: Windows 10.0 , 64 bit Build 14393 (10.0.14393.0)

CPU:total 4 (4 cores per cpu, 1 threads per core) family 6 model 60 stepping 3, cmov, cx8, fxsr, mmx, sse, sse2, sse3, ssse3, sse4.1, sse4.2, popcnt, avx, avx2, aes, clmul, erms, lzcnt, tsc, tscinvbit, bmi1, bmi2

Memory: 4k page, physical 16714132k(8326412k free), swap 31263888k(4096k free)

vm_info: Java HotSpot(TM) 64-Bit Server VM (25.45-b02) for windows-amd64 JRE (1.8.0_45-b15), built on Apr 30 2015 12:40:44 by "java_re" with MS VC++ 10.0 (VS2010)

time: Mon Oct 24 22:11:41 2016
elapsed time: 0 seconds (0d 0h 0m 0s)

